ID TIME BLK DETAIL
222 6 0 SETUP: Synced Time
222 7 0 SETUP: Peered to PC
222 165 2 SETUP: Smart Contract Received at Block 2
222 564 3 STARTED EXPERIMENT
222 235 3 Added 209
222 267 3 Killed 209 @ age 2.74
222 315 3 Added 224
222 347 3 Killed 224 @ age 2.08
222 454 3 Added 224
222 457 3 Failed Vote. Balance: 0.01
222 487 3 Killed 224 @ age 2.40
222 491 3 Added 224
222 524 3 Killed 224 @ age 2.52
222 536 5 Added 209
222 582 6 Killed 209 @ age 2.93
222 736 6 Added 209
222 779 6 Killed 209 @ age 2.77
222 806 6 Added 209
222 879 6 Killed 209 @ age 2.54
222 913 6 Failed Vote. Balance: 0.01
222 979 6 Added 224
222 1002 6 Added 209
222 1021 6 Killed 224 @ age 2.10
222 1028 6 Added 224
222 1049 9 Killed 209 @ age 2.04
222 1126 9 Added 209
222 1129 9 Killed 224 @ age 2.56
222 1169 9 Killed 209 @ age 2.19
222 1229 9 Added 224
222 1271 9 Killed 224 @ age 2.83
222 1275 9 Added 209
222 1318 9 Killed 209 @ age 2.89
222 1412 9 Added 224
222 1455 11 Killed 224 @ age 2.47
222 1459 11 Added 209
222 1482 12 Voted: 0.32471910112359553
222 1485 12 Failed Vote. Balance: 20.01
222 1493 12 Killed 209 @ age 2.57
222 1561 12 Added 224
222 1627 12 Killed 224 @ age 2.32
222 1807 12 Failed Vote. Balance: 20.01
222 1809 12 Added 224
222 1886 14 Killed 224 @ age 2.70
222 2157 14 Added 209
222 2254 14 Added 224
222 2277 14 Killed 224 @ age 2.17
222 2334 15 Killed 209 @ age 2.12
222 2338 16 Voted: 0.2724039829302987
222 2342 16 Failed Vote. Balance: 40.01
222 2535 16 Added 209
222 2568 16 Killed 209 @ age 2.37
222 2595 16 Added 224
222 2638 18 Killed 224 @ age 2.24
222 2730 18 Added 224
222 2762 18 Killed 224 @ age 2.49
222 2788 19 Voted: 0.2748502994011976
222 2792 19 Failed Vote. Balance: 60.01
222 2976 20 Added 224
222 3018 20 Killed 224 @ age 2.81
222 3045 20 Added 209
222 3078 20 Killed 209 @ age 2.14
222 3212 21 Added 209
222 3275 21 Killed 209 @ age 2.93
222 3279 21 Added 209
222 3283 21 Added 224
222 3315 21 Killed 224 @ age 2.52
222 3326 21 Killed 209 @ age 2.61
222 3411 22 Added 209
222 3438 22 Added 224
222 3448 22 Killed 209 @ age 2.09
222 3488 23 Voted: 0.2913875598086124
222 3489 23 Killed 224 @ age 3.03
222 3492 23 Failed Vote. Balance: 20.01
222 3615 23 Failed Vote. Balance: 20.01
222 3895 24 Added 209
222 3937 24 Killed 209 @ age 2.80
222 3964 24 Added 224
222 4000 24 Killed 224 @ age 2.68
222 4069 24 Failed Vote. Balance: 20.01
222 4141 24 Added 209
222 4184 24 Killed 209 @ age 2.44
222 4247 24 Added 224
222 4287 24 Added 209
222 4300 24 Killed 224 @ age 2.48
222 4374 27 Killed 209 @ age 2.80
222 4378 27 Added 209
222 4432 27 Killed 209 @ age 2.20
222 4525 27 Added 224
222 4578 27 Killed 224 @ age 2.46
222 4637 29 Voted: 0.27217015140591205
222 4640 29 Failed Vote. Balance: 100.01
222 4652 29 Added 224
222 4686 29 Killed 224 @ age 2.12
222 4836 30 Added 209
222 4891 30 Killed 209 @ age 2.65
222 4922 30 Added 209
222 4954 31 STOPPED EXPERIMENT
