ID TIME BLK #MEETS #BLOCKS
224 526 5 3 0x3491c64dd5953620b33ec5f9baee2c1258c0cd7f5ad18db996746ab30daf5b8f 0x1384b3aa86c9c870d7f466466d92a51cecc13fd8835867c1896731c2c89a9da5 2 7 723 1 0
224 554 5 4 0x1dee1102dc5a6bdb38bcaeb6e2d68371fd580d44b6f3953c867700466ab5a4b4 0x3491c64dd5953620b33ec5f9baee2c1258c0cd7f5ad18db996746ab30daf5b8f 1 8 923 3 0
224 573 5 5 0x2de8f920202d37f9029e3e07857ae63cea3f2fe5bf6a6d4d83b96845b20cfbf3 0x1dee1102dc5a6bdb38bcaeb6e2d68371fd580d44b6f3953c867700466ab5a4b4 1 9 818 2 0
224 681 6 6 0x673787ca2cd09f9a788fca64c9e2addbe46f538d34e79297d62d186e0c856ecf 0x2de8f920202d37f9029e3e07857ae63cea3f2fe5bf6a6d4d83b96845b20cfbf3 1 10 818 2 0
224 816 7 7 0x7b3c69930f07212d02606618f39d1896d00b1665620aa37016d76b26fb1fae63 0x673787ca2cd09f9a788fca64c9e2addbe46f538d34e79297d62d186e0c856ecf 2 12 606 0 0
224 1042 8 8 0xd1add94ec901313fcdb85b8070af47d93bc51485080e2fe89609840b6923d2c0 0x7b3c69930f07212d02606618f39d1896d00b1665620aa37016d76b26fb1fae63 1 13 1150 4 0
224 1167 9 9 0xc881a08d500633e10a9eaa75a92418185a72cffbc1a194ed1e14eb5ae2cffd6d 0xd1add94ec901313fcdb85b8070af47d93bc51485080e2fe89609840b6923d2c0 1 14 818 2 0
224 1364 8 8 0x8dc7d602a3291a1ff086a33248644a1697ba89761c61aae562ff3115b95a0c18 0x7b3c69930f07212d02606618f39d1896d00b1665620aa37016d76b26fb1fae63 2 14 606 0 0
224 1465 9 9 0x432f8fd0d9b82026d0ebf94f8fb2b475fcf86cb0565d069ecc557571dc85d48b 0x8dc7d602a3291a1ff086a33248644a1697ba89761c61aae562ff3115b95a0c18 1 15 1462 7 0
224 1769 9 9 0xf5a165c37ca965fd4a5e68a90872717d40f996c1a8fe14cfcb9ec0e2a907e11d 0x8dc7d602a3291a1ff086a33248644a1697ba89761c61aae562ff3115b95a0c18 2 16 606 0 0
224 1883 10 10 0xd7c14cae562da10a6498f219503103418ebcfec7c3fd2e27478e41bb47fe8581 0xf5a165c37ca965fd4a5e68a90872717d40f996c1a8fe14cfcb9ec0e2a907e11d 2 18 1774 10 0
224 2115 11 11 0x26018544752eef0cff1936f2667795b854540bd7b11796bd72fc6e6d0eaa336b 0xd7c14cae562da10a6498f219503103418ebcfec7c3fd2e27478e41bb47fe8581 1 19 1068 4 0
224 2169 12 12 0x1e782ec26d7f992fb0203c3775558bb7c43115f3aae35faa6dc8954711d9b621 0x26018544752eef0cff1936f2667795b854540bd7b11796bd72fc6e6d0eaa336b 1 20 1131 5 0
224 2649 14 11 0x50cce06fef0eec3736540e3ddc074f7ee7fca85892a1f938cbdf12bc374b1828 0xd7c14cae562da10a6498f219503103418ebcfec7c3fd2e27478e41bb47fe8581 2 20 859 2 0
224 2672 14 12 0x2d961be104aeb2cbbe6ec4a1e656fac47d67509f981489f0b4cac9aa6725379f 0x50cce06fef0eec3736540e3ddc074f7ee7fca85892a1f938cbdf12bc374b1828 2 22 606 0 0
224 2694 14 13 0xd21aeea128da3bced47c230c23c89d8049561c0c6dd6d3b62d01c7407c68ed86 0x2d961be104aeb2cbbe6ec4a1e656fac47d67509f981489f0b4cac9aa6725379f 1 23 1339 7 0
224 2715 14 14 0x6395645d9392a5c6985bbf405ccd96114f7b267bcb058280c19f2310e8b935b4 0xd21aeea128da3bced47c230c23c89d8049561c0c6dd6d3b62d01c7407c68ed86 1 24 1027 4 0
224 3313 17 15 0x5a3bc7883192f75d1b7cd6ea442b666d6279b42beb8905681f1fa732dfcf2c91 0x6395645d9392a5c6985bbf405ccd96114f7b267bcb058280c19f2310e8b935b4 1 25 901 2 0
224 3335 17 16 0x4856876e47ee86352e3e98e4f0bb7800377d22f566d753e32e93616f9f7e9dab 0x5a3bc7883192f75d1b7cd6ea442b666d6279b42beb8905681f1fa732dfcf2c91 1 26 606 0 0
224 3365 17 17 0x9b02a0a7e4068a0d3f2c1112b3364ac5f16e1310fd650796121d6a1a65f4825f 0x4856876e47ee86352e3e98e4f0bb7800377d22f566d753e32e93616f9f7e9dab 1 27 755 1 0
224 3402 18 17 0x36f8c02e55e5598cb0e07aaa60e6a35889a0a634d0a099544ed5d37b68fd2bfb 0x4856876e47ee86352e3e98e4f0bb7800377d22f566d753e32e93616f9f7e9dab 2 28 859 2 0
224 3450 18 18 0x7b404e4a1b54c2e277604bed038c05d1663fe4e596b836deab8489abf9b9ca06 0x36f8c02e55e5598cb0e07aaa60e6a35889a0a634d0a099544ed5d37b68fd2bfb 1 29 964 3 0
224 3481 18 18 0x0b633a4e7cf22d3f154d6cac6ec8b31995cd6a06178bbde5e5845c5ab66d2aea 0x36f8c02e55e5598cb0e07aaa60e6a35889a0a634d0a099544ed5d37b68fd2bfb 2 30 964 3 0
224 3544 19 19 0x9f6cfe3235370c8af3a0800da0be0ffc76f4cdc3440e2a8985c206f0b4de383d 0x0b633a4e7cf22d3f154d6cac6ec8b31995cd6a06178bbde5e5845c5ab66d2aea 2 32 818 2 0
224 4478 22 20 0x610c22863a5a25ebde820b7d84047963f6f6f581bbbec2d1ccfff17e98894367 0x9f6cfe3235370c8af3a0800da0be0ffc76f4cdc3440e2a8985c206f0b4de383d 2 34 606 0 0
224 4498 22 21 0xfabd9e0c868b5a34be546b251aa19506daa68107c245bc367685f9b126cc1392 0x610c22863a5a25ebde820b7d84047963f6f6f581bbbec2d1ccfff17e98894367 2 36 606 0 0
224 4516 22 22 0x67a6b27bd35d3949106433a849d0a9d0d27de94b48e8e16cfc87cbaf33f0b73f 0xfabd9e0c868b5a34be546b251aa19506daa68107c245bc367685f9b126cc1392 2 38 1670 9 0
224 4825 23 23 0x68ec833f1a89206c984acb3e2d04b946ae731f71460585982b411292dcb84717 0x67a6b27bd35d3949106433a849d0a9d0d27de94b48e8e16cfc87cbaf33f0b73f 2 40 1068 4 0
224 4954 24 24 0x582cf4216f408c957cb337f76587c66fc14f5d8b9c43ac77e31ef8d9cf88bcd1 0x68ec833f1a89206c984acb3e2d04b946ae731f71460585982b411292dcb84717 1 41 714 1 0
224 5333 26 24 0xe853c532ae7f7dc9afaee12e0629a6f4a6880ba5a88b645d2c79dbe8e2d6500f 0x68ec833f1a89206c984acb3e2d04b946ae731f71460585982b411292dcb84717 2 42 606 0 0
224 5369 26 25 0x5ec1bfa2369771528cafff1eaa11db30b831d8fd2ff50eea5a670460b347f963 0xe853c532ae7f7dc9afaee12e0629a6f4a6880ba5a88b645d2c79dbe8e2d6500f 1 43 818 2 0
224 5401 26 26 0xba74805bf0b940e5e303f13a2a50d849dccf9d262266f9ec0bca9c23269fa0e9 0x5ec1bfa2369771528cafff1eaa11db30b831d8fd2ff50eea5a670460b347f963 1 44 859 2 0
224 5602 27 27 0x4035ccb8cd742498a8d29eb16ca86f108154043f18d7720188df7ef8745c98af 0xba74805bf0b940e5e303f13a2a50d849dccf9d262266f9ec0bca9c23269fa0e9 2 46 606 0 0
224 5745 28 28 0xbd6e95e7916576ac7d5d89d9b5d551e676416645357c5bdf93e4bc58b85588f6 0x4035ccb8cd742498a8d29eb16ca86f108154043f18d7720188df7ef8745c98af 2 48 755 1 0
224 6015 29 29 0x10ebb8f76835399d8e002166e8535df1d5b0b42f298339d1425b2e63d88e6570 0xbd6e95e7916576ac7d5d89d9b5d551e676416645357c5bdf93e4bc58b85588f6 2 50 606 0 0
224 6165 30 30 0x594ef017b67ed6c42385ef590d250d4d08d9badfa40606bac75902c3269786ac 0x10ebb8f76835399d8e002166e8535df1d5b0b42f298339d1425b2e63d88e6570 1 51 1150 4 0
