ID TIME BLK DETAIL
224 4 0 SETUP: Synced Time
224 5 0 SETUP: Peered to PC
224 168 2 SETUP: Smart Contract Received at Block 2
224 558 3 STARTED EXPERIMENT
224 39 3 Added 222
224 72 3 Killed 222 @ age 2.12
224 205 3 Added 209
224 241 4 Added 222
224 264 4 Killed 222 @ age 2.07
224 268 4 Killed 209 @ age 2.86
224 312 4 Added 222
224 351 4 Added 209
224 358 4 Killed 222 @ age 2.96
224 388 5 Killed 209 @ age 2.23
224 485 5 Added 222
224 518 5 Killed 222 @ age 2.09
224 603 6 Added 209
224 683 7 Voted: 0.31009615384615385
224 684 7 Failed Vote. Balance: 20.01
224 706 7 Killed 209 @ age 2.30
224 823 7 Added 209
224 869 7 Killed 209 @ age 2.97
224 907 7 Failed Vote. Balance: 20.01
224 985 7 Added 222
224 1028 7 Killed 222 @ age 2.82
224 1031 7 Added 222
224 1127 7 Killed 222 @ age 2.72
224 1131 7 Added 209
224 1214 7 Killed 209 @ age 2.24
224 1217 7 Added 209
224 1241 10 Added 222
224 1251 10 Killed 209 @ age 2.54
224 1264 10 Killed 222 @ age 2.19
224 1371 11 Failed Vote. Balance: 20.01
224 1373 11 Added 209
224 1416 11 Added 222
224 1439 11 Killed 209 @ age 3.03
224 1449 11 Killed 222 @ age 2.49
224 1553 12 Added 209
224 1562 12 Added 222
224 1605 12 Killed 222 @ age 2.50
224 1621 12 Killed 209 @ age 2.97
224 1638 13 Added 209
224 1704 13 Killed 209 @ age 2.52
224 1811 13 Added 222
224 1843 14 Voted: 0.2721518987341772
224 1846 14 Failed Vote. Balance: 40.01
224 1887 14 Killed 222 @ age 2.86
224 2023 15 Added 209
224 2046 15 Killed 209 @ age 2.06
224 2083 15 Added 209
224 2126 15 Killed 209 @ age 2.12
224 2245 15 Added 222
224 2279 15 Killed 222 @ age 2.42
224 2341 16 Voted: 0.26671408250355616
224 2344 16 Failed Vote. Balance: 0.01
224 2611 17 Added 222
224 2634 18 Killed 222 @ age 2.04
224 2708 18 Failed Vote. Balance: 0.01
224 2724 18 Added 222
224 2757 18 Killed 222 @ age 2.09
224 2800 19 Added 209
224 2848 19 Killed 209 @ age 3.00
224 2980 19 Added 222
224 3013 19 Killed 222 @ age 2.39
224 3283 21 Added 222
224 3306 21 Killed 222 @ age 2.05
224 3441 22 Added 222
224 3464 22 Added 209
224 3483 22 Killed 222 @ age 2.79
224 3490 23 Voted: 0.22344497607655503
224 3493 23 Failed Vote. Balance: 60.01
224 3521 23 Killed 209 @ age 2.58
224 3623 23 Added 209
224 3656 24 Killed 209 @ age 2.82
224 3756 24 Added 209
224 3799 24 Killed 209 @ age 2.10
224 3960 25 Added 222
224 3986 26 Voted: 0.22021812080536912
224 3988 26 Failed Vote. Balance: 20.01
224 3993 26 Killed 222 @ age 2.41
224 4036 26 Added 209
224 4066 26 Failed Vote. Balance: 20.01
224 4086 26 Killed 209 @ age 3.09
224 4251 26 Added 222
224 4258 26 Added 209
224 4294 26 Killed 222 @ age 2.81
224 4301 26 Killed 209 @ age 2.55
224 4499 28 Added 209
224 4526 28 Added 222
224 4532 28 Killed 209 @ age 2.44
224 4562 28 Killed 222 @ age 2.28
224 4571 28 Added 209
224 4607 28 Killed 209 @ age 2.27
224 4788 30 Voted: 0.21124301675977653
224 4790 30 Failed Vote. Balance: 60.01
224 4819 30 Added 209
224 4862 30 Killed 209 @ age 2.46
224 4954 30 STOPPED EXPERIMENT
