ID TIME BLK #MEETS #BLOCKS
209 208 4 3 0x1e4dc7cf6201f973d02eeda3b7380f046990949fad1ada29751db0227b245ebd 0xf982e93fe152c5cfcaf169324d15eaa933fa85a1d2f7560bac972e71e2ff438c 2 7 723 1 0
209 250 4 4 0x197035e9ef5669307af2265dfab016168df32a592cf39a88adf96065d789e1d9 0x1e4dc7cf6201f973d02eeda3b7380f046990949fad1ada29751db0227b245ebd 1 8 606 0 0
209 275 5 4 0x8c33834e1a9a94f4251b14a5a31e218a000784f4ff96b7f2368ba9ff2f2e3142 0x1e4dc7cf6201f973d02eeda3b7380f046990949fad1ada29751db0227b245ebd 2 9 923 3 0
209 297 5 5 0x66aa346bbc366bb1f7ea1bae38c2499dba4d2c7136ccb0dd94391fcea899cf4c 0x8c33834e1a9a94f4251b14a5a31e218a000784f4ff96b7f2368ba9ff2f2e3142 2 11 1027 4 0
209 672 7 6 0x2d04e9b8728c7c417523ffee6ad67beb7931d59367a0c36767112912a84ba3ec 0x66aa346bbc366bb1f7ea1bae38c2499dba4d2c7136ccb0dd94391fcea899cf4c 1 12 606 0 0
209 692 7 6 0x953431b5f6cb109b271ffa2a49e2179760ce1f4ff632a26241aacefd95b99f7a 0x66aa346bbc366bb1f7ea1bae38c2499dba4d2c7136ccb0dd94391fcea899cf4c 2 13 606 0 0
209 720 7 6 0x9ca962ad2e1bc664c97505457a698f9d4a609a757ee6a02df61f879dcb0f564d 0x66aa346bbc366bb1f7ea1bae38c2499dba4d2c7136ccb0dd94391fcea899cf4c 2 13 901 2 0
209 753 7 7 0x920d7ca742ce2e0d6439a6829d5fb71d37be25e9f8fb47d7c937816a00d9e58e 0x9ca962ad2e1bc664c97505457a698f9d4a609a757ee6a02df61f879dcb0f564d 1 14 713 1 0
209 1250 9 7 0xe60c2527cd9d26cb3f66dcfd6dec4ff6e3bd7951a446b04fc1d736d479fd3be0 0x9ca962ad2e1bc664c97505457a698f9d4a609a757ee6a02df61f879dcb0f564d 2 15 818 2 0
209 1269 9 8 0x11b21becf5692c0ca4c807f84de0e01b2e725a457da0d2c366caadf33a5c2500 0xe60c2527cd9d26cb3f66dcfd6dec4ff6e3bd7951a446b04fc1d736d479fd3be0 1 16 713 1 0
209 1289 9 9 0xb9ed79f3e3d57e4adc8bc08b2eb3e8d5d8093d354cb79877c2d8b7cb121ce185 0x11b21becf5692c0ca4c807f84de0e01b2e725a457da0d2c366caadf33a5c2500 1 17 755 1 0
209 1308 9 9 0x4d7efd4591ba033b431d9d3e4f516eedbd1c397d27f826ce11bfa16f3ceffaca 0x11b21becf5692c0ca4c807f84de0e01b2e725a457da0d2c366caadf33a5c2500 1 17 606 0 0
209 1677 11 10 0x75ea71ee82d96dbda3c647e847cd21eaee7c918fd56dc20a898432d52702ab50 0x4d7efd4591ba033b431d9d3e4f516eedbd1c397d27f826ce11bfa16f3ceffaca 1 18 1172 5 0
209 1698 11 11 0x6b1861ad8630999f8b3e339568b747e7fe185d8f2717c6c62967332663420b15 0x75ea71ee82d96dbda3c647e847cd21eaee7c918fd56dc20a898432d52702ab50 2 20 606 0 0
209 1834 12 12 0x50730c5107645e389474e6dc4c3d5f95662a6452bce760f94fe5d388b1f04d93 0x6b1861ad8630999f8b3e339568b747e7fe185d8f2717c6c62967332663420b15 1 21 1339 7 0
209 1937 13 13 0xd2bda2d5de34896c6b3f9e6737f940dc2d70d1e19464b7a169c92457f1f4ab67 0x50730c5107645e389474e6dc4c3d5f95662a6452bce760f94fe5d388b1f04d93 1 22 755 1 0
209 2345 15 12 0x577011209d6831809028a2f212ed6305c47940d0b4b5e2e9ef13ff85c3ea1137 0x6b1861ad8630999f8b3e339568b747e7fe185d8f2717c6c62967332663420b15 2 22 1339 7 0
209 2375 15 13 0xe5d5cf47d45ddf343366fc066c24a60f3bea28d8e1af210a927c0c49b5342cf7 0x577011209d6831809028a2f212ed6305c47940d0b4b5e2e9ef13ff85c3ea1137 2 24 606 0 0
209 2396 15 14 0xb61c3ef85fd68aa194e1fce8b15fedd21f4f9e97095a10d09a6a271a7280eff4 0xe5d5cf47d45ddf343366fc066c24a60f3bea28d8e1af210a927c0c49b5342cf7 1 25 1109 4 0
209 2452 15 15 0xa913e0ef73037dec954f513eefc88ee183b6c7fbd69afb4cc71bafdb20759d03 0xb61c3ef85fd68aa194e1fce8b15fedd21f4f9e97095a10d09a6a271a7280eff4 1 26 901 2 0
209 2488 16 16 0x2519ea903ad4ace3340f284c7f0e113a1b9a911c9f0215467e9e20300572c193 0xa913e0ef73037dec954f513eefc88ee183b6c7fbd69afb4cc71bafdb20759d03 1 27 714 1 0
209 3449 19 16 0xb102e4758d4dd68a8cc0e5429ee20fdd3fc0fdfba3d53db4ab83414fdae3aa7f 0xa913e0ef73037dec954f513eefc88ee183b6c7fbd69afb4cc71bafdb20759d03 1 27 714 1 0
209 3469 20 17 0xad44580cf85042f71a4322f22e23a1b4968e80dadc03ce0373783c8301f34428 0xb102e4758d4dd68a8cc0e5429ee20fdd3fc0fdfba3d53db4ab83414fdae3aa7f 1 28 964 3 0
209 3498 20 18 0x1d5bdc2210b76eee9ce01874ae887755619afb67d3579f91be65f605869aa96c 0xad44580cf85042f71a4322f22e23a1b4968e80dadc03ce0373783c8301f34428 2 30 606 0 0
209 3526 20 19 0xd0019ed11f1ffc1702349ece4d055d714a6b8da990a859debef883569b84c73c 0x1d5bdc2210b76eee9ce01874ae887755619afb67d3579f91be65f605869aa96c 2 32 606 0 0
209 3556 20 20 0x9ecbdf64308300f0f000285506b4c9bac0c2c49a38edf5e8a58d51238ca43d70 0xd0019ed11f1ffc1702349ece4d055d714a6b8da990a859debef883569b84c73c 2 34 964 3 0
209 4004 21 21 0x7811b408e542aa3bb5a04ba0d13ad9d580addc3e02e21df561c5ffab7ded521a 0x9ecbdf64308300f0f000285506b4c9bac0c2c49a38edf5e8a58d51238ca43d70 2 36 606 0 0
209 4115 22 22 0x06199438f326dbd01fd2cfc03def1db8052c14d0659b386fbf1298d4129287b0 0x7811b408e542aa3bb5a04ba0d13ad9d580addc3e02e21df561c5ffab7ded521a 1 37 1774 10 0
209 4477 23 22 0xc371266a36ec909f4e94557f7d0974082284d47400262fa13b5fbe587999ebfa 0x7811b408e542aa3bb5a04ba0d13ad9d580addc3e02e21df561c5ffab7ded521a 2 38 1878 11 0
209 4495 23 23 0x106378472e6bb34505d426c968bb7fbae58b8dc695fba33bf10f995903691036 0xc371266a36ec909f4e94557f7d0974082284d47400262fa13b5fbe587999ebfa 2 40 606 0 0
209 4674 24 24 0xd703cce8c336ff21b7c03e3a303c5af17836fbe3ed3174d33dcee0193a69b9be 0x106378472e6bb34505d426c968bb7fbae58b8dc695fba33bf10f995903691036 2 42 606 0 0
209 4777 25 25 0x3f1c0de934e29c1d45e672e5da82ea611355e5f44c3f674d2bd65604bdef1f42 0xd703cce8c336ff21b7c03e3a303c5af17836fbe3ed3174d33dcee0193a69b9be 1 43 1443 8 0
