ID TIME BLK #MEETS #BLOCKS
209 286 4 3 0x99663aae36082e8f6cce34eb68ad6c5d73564747941f1f9b6e938b0499e085a9 0x6fe100dc3f77633a0a0ca2234177e8f51bc78d2c03e337db7f5016457470aa71 1 6 723 1 0
209 314 4 4 0x39c28c2d5dd87d674c3d1dc5d8a63c2444fe7c9443e9b4f9533946f48e2f1188 0x99663aae36082e8f6cce34eb68ad6c5d73564747941f1f9b6e938b0499e085a9 1 7 923 3 0
209 470 5 5 0x0c4642f40b7e4c34393b60197b72ddbcf3eec725c062f7121676b54aff8b2b7b 0x39c28c2d5dd87d674c3d1dc5d8a63c2444fe7c9443e9b4f9533946f48e2f1188 1 8 818 2 0
209 559 6 6 0x9aa5decd7bbc69a4f7f5bc8fd0db62595635649dc59a98a2c59625ccc49b7b2d 0x0c4642f40b7e4c34393b60197b72ddbcf3eec725c062f7121676b54aff8b2b7b 1 9 755 1 0
209 659 6 6 0x6b37145c7ffe91c56798f066c2a854954d922d3f6d4f234d40b80759d8a6929c 0x0c4642f40b7e4c34393b60197b72ddbcf3eec725c062f7121676b54aff8b2b7b 2 10 606 0 0
209 730 7 7 0x0b6a58eb9427daecc45d060349c2606689cc579a18d3d71f3767234ef73c8e61 0x6b37145c7ffe91c56798f066c2a854954d922d3f6d4f234d40b80759d8a6929c 2 12 1317 6 0
209 859 8 8 0x19e4a7e4fd31dc1dbb6036e71d0fdd1382d6243c9b99ca0f59f9acf434832aa3 0x0b6a58eb9427daecc45d060349c2606689cc579a18d3d71f3767234ef73c8e61 2 14 606 0 0
209 1088 9 9 0xfa693841165d2d3d7748075c6ca112240cd3d98ed8d8bf109b8098f01ece4650 0x19e4a7e4fd31dc1dbb6036e71d0fdd1382d6243c9b99ca0f59f9acf434832aa3 2 16 606 0 0
209 1265 10 10 0x8fa0565b08cacac48cd1700ff333a8ec237ad6c0a8af55d39e586446203395c7 0xfa693841165d2d3d7748075c6ca112240cd3d98ed8d8bf109b8098f01ece4650 1 17 606 0 0
209 2882 19 11 0x3d49921d07c9ccbcd88f9a26e4668ad11da0a7f7fc69b22818532d021d34701b 0x8fa0565b08cacac48cd1700ff333a8ec237ad6c0a8af55d39e586446203395c7 1 18 713 1 0
209 2905 19 12 0xe2211d06bcc0f14bab9f6515aa2209c3d0e591d57839f022e3d237abcd8bb61e 0x3d49921d07c9ccbcd88f9a26e4668ad11da0a7f7fc69b22818532d021d34701b 2 20 964 3 0
209 2924 19 13 0xc50dd8c738c23e46ec70bf911ba62abb417c8e46c596b73e1dcc0574f72e1b13 0xe2211d06bcc0f14bab9f6515aa2209c3d0e591d57839f022e3d237abcd8bb61e 2 22 714 1 0
209 2944 20 14 0x0048790ace8ac22aff50cba18dfc23c50ff7fffdb54a5820a34ac3c411897871 0xc50dd8c738c23e46ec70bf911ba62abb417c8e46c596b73e1dcc0574f72e1b13 1 23 1068 4 0
209 2963 20 15 0xa4823c6e470b1e4930bfe1d448f5b9b9dfdcb216e1e77e349b4292189c2fe0eb 0x0048790ace8ac22aff50cba18dfc23c50ff7fffdb54a5820a34ac3c411897871 1 24 817 2 0
209 2982 20 16 0x32aee2c5a2dd181e263e851f3ebd6ad1d3f9e83c68a1e3378bdaa28ffa4f11fc 0xa4823c6e470b1e4930bfe1d448f5b9b9dfdcb216e1e77e349b4292189c2fe0eb 1 25 1005 3 0
209 3002 20 17 0xfb3f726a5e06ccfff6ba700d3d25fefe5a6f7722c1974780722488cc76864151 0x32aee2c5a2dd181e263e851f3ebd6ad1d3f9e83c68a1e3378bdaa28ffa4f11fc 1 26 714 1 0
209 3020 20 18 0xcabbfc9e0766b60dd35bd9f5752002b86a0346e62acbc30657b4eda421aa3576 0xfb3f726a5e06ccfff6ba700d3d25fefe5a6f7722c1974780722488cc76864151 2 28 606 0 0
209 3039 20 19 0x81af65ac5aecb51292e5c007bd474cc57bc49f2eee6106b1b255c5629bc446bd 0xcabbfc9e0766b60dd35bd9f5752002b86a0346e62acbc30657b4eda421aa3576 2 30 1380 7 0
209 3063 20 20 0x4efd837d1029a065d389eec8a89d993f5cac1ea7b375a67f8eebd7bd4f81f29d 0x81af65ac5aecb51292e5c007bd474cc57bc49f2eee6106b1b255c5629bc446bd 2 32 818 2 0
209 3152 21 21 0x68068e3779309589c1ed5b8a9188bbbd9e0ff4cd9857092f7bb7312227eb9caa 0x4efd837d1029a065d389eec8a89d993f5cac1ea7b375a67f8eebd7bd4f81f29d 2 34 606 0 0
209 3312 22 22 0xc5fc8a20af9bcf9027e375156054b14c1e348142018324f2252d53d57ed0792d 0x68068e3779309589c1ed5b8a9188bbbd9e0ff4cd9857092f7bb7312227eb9caa 1 35 755 1 0
209 3456 22 22 0x9186a5e2ea4481901c23c5ec0ed34d87718c035ce55bbac5592cf7c9209481c8 0x68068e3779309589c1ed5b8a9188bbbd9e0ff4cd9857092f7bb7312227eb9caa 2 36 606 0 0
209 3558 23 23 0x451820c6b9c93c6ece406e1be62010c2199d656ea0bf9e9e58885ce80b382b78 0x9186a5e2ea4481901c23c5ec0ed34d87718c035ce55bbac5592cf7c9209481c8 2 38 1046 3 0
209 3900 25 24 0x2649c236a4bdc73d6f1c3cf66eeba5c35158e160c5dc24ab7f544905b2696da2 0x451820c6b9c93c6ece406e1be62010c2199d656ea0bf9e9e58885ce80b382b78 1 39 714 1 0
209 3922 25 25 0x08711410b9c93d4b2e8c15e36227a0c235ef07de772c295be5ca045c0cc365e2 0x2649c236a4bdc73d6f1c3cf66eeba5c35158e160c5dc24ab7f544905b2696da2 1 40 606 0 0
209 4527 28 26 0x5922f22203aac52da1cf9a606cfd1ea764282d30739ded6a39c2d6bfbfb5f1e9 0x08711410b9c93d4b2e8c15e36227a0c235ef07de772c295be5ca045c0cc365e2 1 41 1109 4 0
209 4555 28 27 0xf1c36c75a59258c220efc47d50c689639593d23291f43a92c6df7ff5f115d93a 0x5922f22203aac52da1cf9a606cfd1ea764282d30739ded6a39c2d6bfbfb5f1e9 1 42 606 0 0
209 4582 28 27 0xf80a93929228afe3ffb6fa76b3023178ba7831fbb92dda3e4935241abdcccd3f 0x5922f22203aac52da1cf9a606cfd1ea764282d30739ded6a39c2d6bfbfb5f1e9 2 43 714 1 0
209 4601 28 28 0x30e1c84c4b9fd19a4c42e8bb0014ef5c7cb3343d02f802719eb2b167ed6f58e1 0xf80a93929228afe3ffb6fa76b3023178ba7831fbb92dda3e4935241abdcccd3f 1 44 755 1 0
209 4695 29 28 0x3c7421ec75f19122d25ea971a5901ab525821985eb3cab5ecb774d76fb637dae 0xf80a93929228afe3ffb6fa76b3023178ba7831fbb92dda3e4935241abdcccd3f 2 45 713 1 0
209 4714 29 29 0x7a1b4b07d32b98be417c4a1b602a1ff4ffd4ff94ad11533e3cb143234a5ad3d1 0x3c7421ec75f19122d25ea971a5901ab525821985eb3cab5ecb774d76fb637dae 2 47 606 0 0
