ID TIME BLK DETAIL
222 12 0 SETUP: Synced Time
222 14 0 SETUP: Peered to PC
222 173 2 SETUP: Smart Contract Received at Block 2
222 486 3 STARTED EXPERIMENT
222 72 3 Added 209
222 156 4 Added 224
222 159 4 Killed 209 @ age 2.06
222 200 4 Killed 224 @ age 2.15
222 276 4 Added 209
222 309 5 Added 224
222 319 5 Killed 209 @ age 2.79
222 376 5 Killed 224 @ age 2.89
222 476 5 Added 209
222 519 5 Killed 209 @ age 2.43
222 669 6 Added 209
222 709 6 Added 224
222 712 6 Killed 209 @ age 2.45
222 796 6 Killed 224 @ age 2.13
222 822 8 Voted: 0.520242914979757
222 824 8 Added 209
222 827 8 Failed Vote. Balance: 20.01
222 830 8 Added 224
222 907 8 Failed Vote. Balance: 20.01
222 931 8 Killed 224 @ age 2.01
222 1017 8 Killed 209 @ age 2.34
222 1024 8 Added 209
222 1130 8 Added 224
222 1160 8 Killed 209 @ age 2.23
222 1173 8 Killed 224 @ age 2.43
222 1283 8 Added 209
222 1299 8 Added 224
222 1339 9 Killed 209 @ age 2.32
222 1349 9 Added 209
222 1356 9 Killed 224 @ age 2.71
222 1376 10 Failed Vote. Balance: 20.01
222 1395 10 Killed 209 @ age 2.31
222 1425 10 Added 224
222 1461 10 Killed 224 @ age 2.54
222 1555 10 Added 209
222 1607 10 Killed 209 @ age 2.80
222 1661 11 Added 209
222 1737 11 Killed 209 @ age 2.98
222 1986 12 Added 224
222 2059 13 Killed 224 @ age 2.24
222 2066 13 Added 224
222 2166 14 Voted: 0.3736517719568567
222 2167 14 Failed Vote. Balance: 40.01
222 2174 14 Killed 224 @ age 2.94
222 2185 14 Added 209
222 2218 14 Killed 209 @ age 2.14
222 2328 14 Added 224
222 2401 14 Killed 224 @ age 2.61
222 2421 15 Voted: 0.39709944751381215
222 2425 15 Failed Vote. Balance: 0.01
222 2606 16 Added 209
222 2659 16 Killed 209 @ age 2.14
222 2717 16 Failed Vote. Balance: 0.01
222 2802 16 Added 224
222 2848 17 Killed 224 @ age 2.96
222 3061 18 Added 224
222 3104 18 Killed 224 @ age 2.43
222 3213 18 Added 224
222 3257 18 Killed 224 @ age 2.81
222 3297 18 Added 224
222 3324 19 Added 209
222 3364 19 Killed 224 @ age 2.44
222 3371 19 Killed 209 @ age 2.67
222 3435 19 Added 209
222 3470 20 Voted: 0.36429258902791145
222 3473 20 Failed Vote. Balance: 60.01
222 3482 20 Killed 209 @ age 2.75
222 3568 20 Added 224
222 3655 20 Killed 224 @ age 2.96
222 3759 20 Added 224
222 3792 20 Killed 224 @ age 2.75
222 3826 20 Added 209
222 3869 20 Killed 209 @ age 2.13
222 3973 21 Added 209
222 4016 21 Killed 209 @ age 2.22
222 4089 21 Added 224
222 4122 22 Voted: 0.33752025931928686
222 4123 22 Failed Vote. Balance: 20.01
222 4136 22 Killed 224 @ age 2.64
222 4155 22 Failed Vote. Balance: 20.01
222 4336 23 Added 224
222 4369 23 Killed 224 @ age 2.51
222 4429 23 Added 224
222 4462 23 Killed 224 @ age 2.07
222 4562 23 Added 209
222 4596 23 Killed 209 @ age 2.48
222 4599 23 Failed Vote. Balance: 20.01
222 4703 24 Added 224
222 4842 25 Killed 224 @ age 2.45
222 4858 25 Added 209
222 4875 25 Added 224
222 4901 25 Killed 209 @ age 2.18
222 4939 26 Killed 224 @ age 3.06
222 4969 26 Added 209
222 4973 26 STOPPED EXPERIMENT
