ID TIME BLK DETAIL
209 12 0 SETUP: Synced Time
209 13 0 SETUP: Peered to PC
209 168 2 SETUP: Smart Contract Received at Block 2
209 339 2 STARTED EXPERIMENT
209 13 2 Added 222
209 56 2 Killed 222 @ age 2.42
209 106 3 Added 224
209 169 4 Added 222
209 215 4 Killed 222 @ age 2.59
209 255 4 Killed 224 @ age 2.10
209 338 4 Added 224
209 421 4 Killed 224 @ age 2.27
209 459 4 Failed Vote. Balance: 0.01
209 484 4 Added 222
209 507 5 Killed 222 @ age 2.09
209 584 5 Added 224
209 617 5 Killed 224 @ age 2.08
209 747 6 Added 222
209 779 6 Killed 222 @ age 2.75
209 866 6 Added 224
209 906 6 Added 222
209 911 6 Killed 224 @ age 2.90
209 955 6 Killed 222 @ age 2.56
209 986 7 Voted: 0.26677852348993286
209 990 7 Failed Vote. Balance: 20.01
209 1099 7 Added 224
209 1181 7 Killed 224 @ age 2.22
209 1235 7 Added 224
209 1268 7 Killed 224 @ age 2.13
209 1360 10 Failed Vote. Balance: 20.01
209 1368 10 Added 222
209 1402 10 Killed 222 @ age 2.83
209 1409 10 Added 224
209 1432 10 Killed 224 @ age 2.09
209 1517 10 Added 222
209 1560 10 Killed 222 @ age 2.83
209 1629 10 Added 224
209 1662 10 Killed 224 @ age 2.52
209 1729 9 Added 222
209 1746 9 Added 224
209 1762 9 Killed 222 @ age 2.80
209 1766 9 Added 222
209 1814 9 Killed 222 @ age 2.35
209 1820 9 Added 222
209 1856 10 Killed 222 @ age 2.03
209 1862 10 Added 222
209 1895 10 Killed 224 @ age 2.90
209 1901 10 Added 224
209 1954 10 Killed 222 @ age 2.31
209 1984 11 Voted: 0.33361344537815124
209 1989 11 Failed Vote. Balance: 0.01
209 2015 11 Killed 224 @ age 2.47
209 2082 11 Added 224
209 2112 11 Added 222
209 2124 11 Killed 224 @ age 2.91
209 2168 11 Killed 222 @ age 2.35
209 2257 12 Failed Vote. Balance: 0.01
209 2260 12 Added 224
209 2303 12 Killed 224 @ age 2.11
209 2320 12 Added 222
209 2353 13 Killed 222 @ age 2.18
209 2373 13 Added 222
209 2406 13 Killed 222 @ age 2.92
209 2528 13 Added 224
209 2571 13 Killed 224 @ age 2.75
209 2736 15 Voted: 0.32134146341463415
209 2737 15 Failed Vote. Balance: 0.01
209 2900 15 Added 222
209 2923 15 Killed 222 @ age 2.04
209 2982 15 Added 224
209 3009 15 Added 222
209 3029 15 Killed 224 @ age 2.88
209 3043 15 Killed 222 @ age 2.56
209 3133 16 Added 224
209 3158 16 Failed Vote. Balance: 0.01
209 3206 16 Killed 224 @ age 2.91
209 3219 16 Added 222
209 3257 17 Killed 222 @ age 2.47
209 3387 17 Added 224
209 3420 17 Killed 224 @ age 2.45
209 3608 17 Failed Vote. Balance: 0.01
209 3725 17 Added 222
209 3771 17 Killed 222 @ age 2.58
209 4221 20 Added 222
209 4264 20 Killed 222 @ age 2.81
209 4336 21 Added 224
209 4368 21 Killed 224 @ age 2.12
209 4434 22 Voted: 0.3055764883195177
209 4436 22 Failed Vote. Balance: 60.01
209 4475 22 Added 222
209 4508 22 Killed 222 @ age 2.40
209 4745 22 Added 224
209 4785 23 Voted: 0.29364525139664804
209 4787 23 Failed Vote. Balance: 20.01
209 4792 23 Killed 224 @ age 2.39
209 4892 23 Added 224
209 4925 23 Killed 224 @ age 2.41
209 4929 23 Added 224
209 4962 23 Failed Vote. Balance: 20.01
209 4966 23 Added 222
209 4972 23 Killed 224 @ age 2.77
209 4984 23 Added 224
209 5013 24 Killed 222 @ age 2.58
209 5029 24 Killed 224 @ age 3.00
209 5253 25 Added 224
209 5316 26 Killed 224 @ age 2.57
209 5326 26 Added 224
209 5382 26 Killed 224 @ age 2.02
209 5615 27 Added 222
209 5658 27 Killed 222 @ age 2.78
209 5693 27 Added 222
209 5740 28 Voted: 0.2955736750145603
209 5741 28 Failed Vote. Balance: 60.01
209 5810 28 Killed 222 @ age 2.61
209 5903 28 Added 222
209 5930 28 Added 224
209 5936 28 Killed 222 @ age 2.11
209 5997 29 Killed 224 @ age 3.07
209 6071 29 Added 224
209 6125 29 Killed 224 @ age 2.91
209 6128 29 Added 224
209 6132 29 Added 222
209 6175 29 Killed 224 @ age 2.61
209 6193 29 Killed 222 @ age 2.15
209 6234 30 Added 224
209 6282 30 Added 222
209 6285 30 Killed 224 @ age 3.01
209 6318 30 Added 224
209 6322 30 Killed 222 @ age 2.07
209 6336 31 Voted: 0.29804646251319955
209 6338 31 Failed Vote. Balance: 20.01
209 6356 31 Killed 224 @ age 2.66
209 6391 31 Failed Vote. Balance: 20.01
209 6547 31 Added 224
209 6619 31 Killed 224 @ age 2.24
209 6636 31 Added 224
209 6772 31 Killed 224 @ age 2.46
209 6811 31 Failed Vote. Balance: 20.01
209 6882 31 Added 224
209 6915 31 Killed 224 @ age 2.08
209 6952 31 STOPPED EXPERIMENT
