+-----------------------------------------------------------+
| Welcome to puppeth, your Ethereum private network manager |
|                                                           |
| This tool lets you create a new Ethereum network down to  |
| the genesis block, bootnodes, miners and ethstats servers |
| without the hassle that it would normally entail.         |
|                                                           |
| Puppeth uses SSH to dial in to remote servers, and builds |
| its network components out of Docker containers using the |
| docker-compose toolset.                                   |
+-----------------------------------------------------------+

[32mINFO [0m[08-18|15:23:21.748] Administering Ethereum network           [32mname[0m=pipucks
[32mINFO [0m[08-18|15:23:21.752] No remote machines to gather stats from 

What would you like to do? (default = stats)
 1. Show network stats
 2. Manage existing genesis
 3. Track new remote server
 4. Deploy network components
> 
 1. Modify existing configurations
 2. Export genesis configurations
 3. Remove genesis configuration
> [32mINFO [0m[08-18|15:23:21.752] Genesis block destroyed 

What would you like to do? (default = stats)
 1. Show network stats
 2. Configure new genesis
 3. Track new remote server
 4. Deploy network components
> 
What would you like to do? (default = create)
 1. Create new genesis from scratch
 2. Import already existing genesis
> 
Which consensus engine to use? (default = clique)
 1. Ethash - proof-of-work
 2. Clique - proof-of-authority
> 
How many seconds should blocks take? (default = 15)
> 
Which accounts are allowed to seal? (mandatory at least one)
> 0x> 0x> 0x> 0x> 0x> 0x> 0x> 0x> 0x
Which accounts should be pre-funded? (advisable at least one)
> 0x> 0x> 0x> 0x> 0x> 0x> 0x> 0x> 0x> 0x> 0x
Should the precompile-addresses (0x1 .. 0xff) be pre-funded with 1 wei? (advisable yes)
> 
Specify your chain/network ID if you want an explicit one (default = random)
> [32mINFO [0m[08-18|15:23:21.752] Configured new genesis block 

What would you like to do? (default = stats)
 1. Show network stats
 2. Manage existing genesis
 3. Track new remote server
 4. Deploy network components
> 
 1. Modify existing configurations
 2. Export genesis configurations
 3. Remove genesis configuration
> 
Which folder to save the genesis specs into? (default = current)
  Will create pipucks.json, pipucks-aleth.json, pipucks-harmony.json, pipucks-parity.json
> [32mINFO [0m[08-18|15:23:21.755] Saved native genesis chain spec          [32mpath[0m=/home/volker/geth-pi-pucks/genesis/pipucks.json
[31mERROR[0m[08-18|15:23:21.755] Failed to create Aleth chain spec        [31merr[0m="unsupported consensus engine"
[31mERROR[0m[08-18|15:23:21.755] Failed to create Parity chain spec       [31merr[0m="unsupported consensus engine"
[32mINFO [0m[08-18|15:23:21.756] Saved genesis chain spec                 [32mclient[0m=harmony [32mpath[0m=/home/volker/geth-pi-pucks/genesis/pipucks-harmony.json

What would you like to do? (default = stats)
 1. Show network stats
 2. Manage existing genesis
 3. Track new remote server
 4. Deploy network components
> [35mCRIT [0m[08-18|15:23:21.756] Failed to read user input                [35merr[0m=EOF
+-----------------------------------------------------------+
| Welcome to puppeth, your Ethereum private network manager |
|                                                           |
| This tool lets you create a new Ethereum network down to  |
| the genesis block, bootnodes, miners and ethstats servers |
| without the hassle that it would normally entail.         |
|                                                           |
| Puppeth uses SSH to dial in to remote servers, and builds |
| its network components out of Docker containers using the |
| docker-compose toolset.                                   |
+-----------------------------------------------------------+

[32mINFO [0m[08-18|15:23:52.519] Administering Ethereum network           [32mname[0m=pipucks
[32mINFO [0m[08-18|15:23:52.520] No remote machines to gather stats from 

What would you like to do? (default = stats)
 1. Show network stats
 2. Manage existing genesis
 3. Track new remote server
 4. Deploy network components
> 
 1. Modify existing configurations
 2. Export genesis configurations
 3. Remove genesis configuration
> [32mINFO [0m[08-18|15:23:52.520] Genesis block destroyed 

What would you like to do? (default = stats)
 1. Show network stats
 2. Configure new genesis
 3. Track new remote server
 4. Deploy network components
> 
What would you like to do? (default = create)
 1. Create new genesis from scratch
 2. Import already existing genesis
> 
Which consensus engine to use? (default = clique)
 1. Ethash - proof-of-work
 2. Clique - proof-of-authority
> 
How many seconds should blocks take? (default = 15)
> 
Which accounts are allowed to seal? (mandatory at least one)
> 0x> 0x> 0x> 0x> 0x> 0x> 0x> 0x> 0x
Which accounts should be pre-funded? (advisable at least one)
> 0x> 0x> 0x> 0x> 0x> 0x> 0x> 0x> 0x> 0x> 0x
Should the precompile-addresses (0x1 .. 0xff) be pre-funded with 1 wei? (advisable yes)
> 
Specify your chain/network ID if you want an explicit one (default = random)
> [32mINFO [0m[08-18|15:23:52.521] Configured new genesis block 

What would you like to do? (default = stats)
 1. Show network stats
 2. Manage existing genesis
 3. Track new remote server
 4. Deploy network components
> 
 1. Modify existing configurations
 2. Export genesis configurations
 3. Remove genesis configuration
> 
Which folder to save the genesis specs into? (default = current)
  Will create pipucks.json, pipucks-aleth.json, pipucks-harmony.json, pipucks-parity.json
> [32mINFO [0m[08-18|15:23:52.523] Saved native genesis chain spec          [32mpath[0m=/home/volker/geth-pi-pucks/genesis/pipucks.json
[31mERROR[0m[08-18|15:23:52.523] Failed to create Aleth chain spec        [31merr[0m="unsupported consensus engine"
[31mERROR[0m[08-18|15:23:52.523] Failed to create Parity chain spec       [31merr[0m="unsupported consensus engine"
[32mINFO [0m[08-18|15:23:52.524] Saved genesis chain spec                 [32mclient[0m=harmony [32mpath[0m=/home/volker/geth-pi-pucks/genesis/pipucks-harmony.json

What would you like to do? (default = stats)
 1. Show network stats
 2. Manage existing genesis
 3. Track new remote server
 4. Deploy network components
> [35mCRIT [0m[08-18|15:23:52.524] Failed to read user input                [35merr[0m=EOF
+-----------------------------------------------------------+
| Welcome to puppeth, your Ethereum private network manager |
|                                                           |
| This tool lets you create a new Ethereum network down to  |
| the genesis block, bootnodes, miners and ethstats servers |
| without the hassle that it would normally entail.         |
|                                                           |
| Puppeth uses SSH to dial in to remote servers, and builds |
| its network components out of Docker containers using the |
| docker-compose toolset.                                   |
+-----------------------------------------------------------+

[32mINFO [0m[08-18|15:26:57.874] Administering Ethereum network           [32mname[0m=pipucks
[32mINFO [0m[08-18|15:26:57.876] No remote machines to gather stats from 

What would you like to do? (default = stats)
 1. Show network stats
 2. Manage existing genesis
 3. Track new remote server
 4. Deploy network components
> 
 1. Modify existing configurations
 2. Export genesis configurations
 3. Remove genesis configuration
> [32mINFO [0m[08-18|15:26:57.876] Genesis block destroyed 

What would you like to do? (default = stats)
 1. Show network stats
 2. Configure new genesis
 3. Track new remote server
 4. Deploy network components
> 
What would you like to do? (default = create)
 1. Create new genesis from scratch
 2. Import already existing genesis
> 
Which consensus engine to use? (default = clique)
 1. Ethash - proof-of-work
 2. Clique - proof-of-authority
> 
How many seconds should blocks take? (default = 15)
> 
Which accounts are allowed to seal? (mandatory at least one)
> 0x> 0x> 0x> 0x> 0x> 0x> 0x> 0x> 0x
Which accounts should be pre-funded? (advisable at least one)
> 0x> 0x> 0x> 0x> 0x> 0x> 0x> 0x> 0x> 0x> 0x
Should the precompile-addresses (0x1 .. 0xff) be pre-funded with 1 wei? (advisable yes)
> 
Specify your chain/network ID if you want an explicit one (default = random)
> [32mINFO [0m[08-18|15:26:57.876] Configured new genesis block 

What would you like to do? (default = stats)
 1. Show network stats
 2. Manage existing genesis
 3. Track new remote server
 4. Deploy network components
> 
 1. Modify existing configurations
 2. Export genesis configurations
 3. Remove genesis configuration
> 
Which folder to save the genesis specs into? (default = current)
  Will create pipucks.json, pipucks-aleth.json, pipucks-harmony.json, pipucks-parity.json
> [32mINFO [0m[08-18|15:26:57.878] Saved native genesis chain spec          [32mpath[0m=/home/volker/geth-pi-pucks/genesis/pipucks.json
[31mERROR[0m[08-18|15:26:57.878] Failed to create Aleth chain spec        [31merr[0m="unsupported consensus engine"
[31mERROR[0m[08-18|15:26:57.878] Failed to create Parity chain spec       [31merr[0m="unsupported consensus engine"
[32mINFO [0m[08-18|15:26:57.879] Saved genesis chain spec                 [32mclient[0m=harmony [32mpath[0m=/home/volker/geth-pi-pucks/genesis/pipucks-harmony.json

What would you like to do? (default = stats)
 1. Show network stats
 2. Manage existing genesis
 3. Track new remote server
 4. Deploy network components
> [35mCRIT [0m[08-18|15:26:57.879] Failed to read user input                [35merr[0m=EOF
+-----------------------------------------------------------+
| Welcome to puppeth, your Ethereum private network manager |
|                                                           |
| This tool lets you create a new Ethereum network down to  |
| the genesis block, bootnodes, miners and ethstats servers |
| without the hassle that it would normally entail.         |
|                                                           |
| Puppeth uses SSH to dial in to remote servers, and builds |
| its network components out of Docker containers using the |
| docker-compose toolset.                                   |
+-----------------------------------------------------------+

[32mINFO [0m[08-18|15:27:17.262] Administering Ethereum network           [32mname[0m=pipucks
[32mINFO [0m[08-18|15:27:17.264] No remote machines to gather stats from 

What would you like to do? (default = stats)
 1. Show network stats
 2. Manage existing genesis
 3. Track new remote server
 4. Deploy network components
> 
 1. Modify existing configurations
 2. Export genesis configurations
 3. Remove genesis configuration
> [32mINFO [0m[08-18|15:27:17.264] Genesis block destroyed 

What would you like to do? (default = stats)
 1. Show network stats
 2. Configure new genesis
 3. Track new remote server
 4. Deploy network components
> 
What would you like to do? (default = create)
 1. Create new genesis from scratch
 2. Import already existing genesis
> 
Which consensus engine to use? (default = clique)
 1. Ethash - proof-of-work
 2. Clique - proof-of-authority
> 
How many seconds should blocks take? (default = 15)
> 
Which accounts are allowed to seal? (mandatory at least one)
> 0x> 0x> 0x> 0x> 0x> 0x> 0x> 0x> 0x
Which accounts should be pre-funded? (advisable at least one)
> 0x> 0x> 0x> 0x> 0x> 0x> 0x> 0x> 0x> 0x> 0x
Should the precompile-addresses (0x1 .. 0xff) be pre-funded with 1 wei? (advisable yes)
> 
Specify your chain/network ID if you want an explicit one (default = random)
> [32mINFO [0m[08-18|15:27:17.264] Configured new genesis block 

What would you like to do? (default = stats)
 1. Show network stats
 2. Manage existing genesis
 3. Track new remote server
 4. Deploy network components
> 
 1. Modify existing configurations
 2. Export genesis configurations
 3. Remove genesis configuration
> 
Which folder to save the genesis specs into? (default = current)
  Will create pipucks.json, pipucks-aleth.json, pipucks-harmony.json, pipucks-parity.json
> [32mINFO [0m[08-18|15:27:17.266] Saved native genesis chain spec          [32mpath[0m=/home/volker/geth-pi-pucks/genesis/pipucks.json
[31mERROR[0m[08-18|15:27:17.266] Failed to create Aleth chain spec        [31merr[0m="unsupported consensus engine"
[31mERROR[0m[08-18|15:27:17.266] Failed to create Parity chain spec       [31merr[0m="unsupported consensus engine"
[32mINFO [0m[08-18|15:27:17.267] Saved genesis chain spec                 [32mclient[0m=harmony [32mpath[0m=/home/volker/geth-pi-pucks/genesis/pipucks-harmony.json

What would you like to do? (default = stats)
 1. Show network stats
 2. Manage existing genesis
 3. Track new remote server
 4. Deploy network components
> [35mCRIT [0m[08-18|15:27:17.267] Failed to read user input                [35merr[0m=EOF
+-----------------------------------------------------------+
| Welcome to puppeth, your Ethereum private network manager |
|                                                           |
| This tool lets you create a new Ethereum network down to  |
| the genesis block, bootnodes, miners and ethstats servers |
| without the hassle that it would normally entail.         |
|                                                           |
| Puppeth uses SSH to dial in to remote servers, and builds |
| its network components out of Docker containers using the |
| docker-compose toolset.                                   |
+-----------------------------------------------------------+

[32mINFO [0m[08-18|16:12:20.784] Administering Ethereum network           [32mname[0m=pipucks
[32mINFO [0m[08-18|16:12:20.785] No remote machines to gather stats from 

What would you like to do? (default = stats)
 1. Show network stats
 2. Manage existing genesis
 3. Track new remote server
 4. Deploy network components
> 
 1. Modify existing configurations
 2. Export genesis configurations
 3. Remove genesis configuration
> [32mINFO [0m[08-18|16:12:20.785] Genesis block destroyed 

What would you like to do? (default = stats)
 1. Show network stats
 2. Configure new genesis
 3. Track new remote server
 4. Deploy network components
> 
What would you like to do? (default = create)
 1. Create new genesis from scratch
 2. Import already existing genesis
> 
Which consensus engine to use? (default = clique)
 1. Ethash - proof-of-work
 2. Clique - proof-of-authority
> 
How many seconds should blocks take? (default = 15)
> 
Which accounts are allowed to seal? (mandatory at least one)
> 0x> 0x> 0x> 0x> 0x> 0x> 0x> 0x> 0x
Which accounts should be pre-funded? (advisable at least one)
> 0x> 0x> 0x> 0x> 0x> 0x> 0x> 0x> 0x> 0x> 0x
Should the precompile-addresses (0x1 .. 0xff) be pre-funded with 1 wei? (advisable yes)
> 
Specify your chain/network ID if you want an explicit one (default = random)
> [32mINFO [0m[08-18|16:12:20.785] Configured new genesis block 

What would you like to do? (default = stats)
 1. Show network stats
 2. Manage existing genesis
 3. Track new remote server
 4. Deploy network components
> 
 1. Modify existing configurations
 2. Export genesis configurations
 3. Remove genesis configuration
> 
Which folder to save the genesis specs into? (default = current)
  Will create pipucks.json, pipucks-aleth.json, pipucks-harmony.json, pipucks-parity.json
> [32mINFO [0m[08-18|16:12:20.788] Saved native genesis chain spec          [32mpath[0m=/home/volker/geth-pi-pucks/genesis/pipucks.json
[31mERROR[0m[08-18|16:12:20.788] Failed to create Aleth chain spec        [31merr[0m="unsupported consensus engine"
[31mERROR[0m[08-18|16:12:20.788] Failed to create Parity chain spec       [31merr[0m="unsupported consensus engine"
[32mINFO [0m[08-18|16:12:20.789] Saved genesis chain spec                 [32mclient[0m=harmony [32mpath[0m=/home/volker/geth-pi-pucks/genesis/pipucks-harmony.json

What would you like to do? (default = stats)
 1. Show network stats
 2. Manage existing genesis
 3. Track new remote server
 4. Deploy network components
> [35mCRIT [0m[08-18|16:12:20.789] Failed to read user input                [35merr[0m=EOF
+-----------------------------------------------------------+
| Welcome to puppeth, your Ethereum private network manager |
|                                                           |
| This tool lets you create a new Ethereum network down to  |
| the genesis block, bootnodes, miners and ethstats servers |
| without the hassle that it would normally entail.         |
|                                                           |
| Puppeth uses SSH to dial in to remote servers, and builds |
| its network components out of Docker containers using the |
| docker-compose toolset.                                   |
+-----------------------------------------------------------+

[32mINFO [0m[08-18|16:12:36.547] Administering Ethereum network           [32mname[0m=pipucks
[32mINFO [0m[08-18|16:12:36.549] No remote machines to gather stats from 

What would you like to do? (default = stats)
 1. Show network stats
 2. Manage existing genesis
 3. Track new remote server
 4. Deploy network components
> 
 1. Modify existing configurations
 2. Export genesis configurations
 3. Remove genesis configuration
> [32mINFO [0m[08-18|16:12:36.549] Genesis block destroyed 

What would you like to do? (default = stats)
 1. Show network stats
 2. Configure new genesis
 3. Track new remote server
 4. Deploy network components
> 
What would you like to do? (default = create)
 1. Create new genesis from scratch
 2. Import already existing genesis
> 
Which consensus engine to use? (default = clique)
 1. Ethash - proof-of-work
 2. Clique - proof-of-authority
> 
How many seconds should blocks take? (default = 15)
> 
Which accounts are allowed to seal? (mandatory at least one)
> 0x> 0x> 0x> 0x> 0x> 0x> 0x> 0x> 0x
Which accounts should be pre-funded? (advisable at least one)
> 0x> 0x> 0x> 0x> 0x> 0x> 0x> 0x> 0x> 0x> 0x
Should the precompile-addresses (0x1 .. 0xff) be pre-funded with 1 wei? (advisable yes)
> 
Specify your chain/network ID if you want an explicit one (default = random)
> [32mINFO [0m[08-18|16:12:36.549] Configured new genesis block 

What would you like to do? (default = stats)
 1. Show network stats
 2. Manage existing genesis
 3. Track new remote server
 4. Deploy network components
> 
 1. Modify existing configurations
 2. Export genesis configurations
 3. Remove genesis configuration
> 
Which folder to save the genesis specs into? (default = current)
  Will create pipucks.json, pipucks-aleth.json, pipucks-harmony.json, pipucks-parity.json
> [32mINFO [0m[08-18|16:12:36.552] Saved native genesis chain spec          [32mpath[0m=/home/volker/geth-pi-pucks/genesis/pipucks.json
[31mERROR[0m[08-18|16:12:36.552] Failed to create Aleth chain spec        [31merr[0m="unsupported consensus engine"
[31mERROR[0m[08-18|16:12:36.552] Failed to create Parity chain spec       [31merr[0m="unsupported consensus engine"
[32mINFO [0m[08-18|16:12:36.553] Saved genesis chain spec                 [32mclient[0m=harmony [32mpath[0m=/home/volker/geth-pi-pucks/genesis/pipucks-harmony.json

What would you like to do? (default = stats)
 1. Show network stats
 2. Manage existing genesis
 3. Track new remote server
 4. Deploy network components
> [35mCRIT [0m[08-18|16:12:36.553] Failed to read user input                [35merr[0m=EOF
+-----------------------------------------------------------+
| Welcome to puppeth, your Ethereum private network manager |
|                                                           |
| This tool lets you create a new Ethereum network down to  |
| the genesis block, bootnodes, miners and ethstats servers |
| without the hassle that it would normally entail.         |
|                                                           |
| Puppeth uses SSH to dial in to remote servers, and builds |
| its network components out of Docker containers using the |
| docker-compose toolset.                                   |
+-----------------------------------------------------------+

[32mINFO [0m[08-18|16:20:46.700] Administering Ethereum network           [32mname[0m=pipucks
[32mINFO [0m[08-18|16:20:46.703] No remote machines to gather stats from 

What would you like to do? (default = stats)
 1. Show network stats
 2. Manage existing genesis
 3. Track new remote server
 4. Deploy network components
> 
 1. Modify existing configurations
 2. Export genesis configurations
 3. Remove genesis configuration
> [32mINFO [0m[08-18|16:20:46.704] Genesis block destroyed 

What would you like to do? (default = stats)
 1. Show network stats
 2. Configure new genesis
 3. Track new remote server
 4. Deploy network components
> 
What would you like to do? (default = create)
 1. Create new genesis from scratch
 2. Import already existing genesis
> 
Which consensus engine to use? (default = clique)
 1. Ethash - proof-of-work
 2. Clique - proof-of-authority
> 
How many seconds should blocks take? (default = 15)
> 
Which accounts are allowed to seal? (mandatory at least one)
> 0x> 0x> 0x> 0x> 0x> 0x> 0x> 0x> 0x
Which accounts should be pre-funded? (advisable at least one)
> 0x> 0x> 0x> 0x> 0x> 0x> 0x> 0x> 0x> 0x> 0x
Should the precompile-addresses (0x1 .. 0xff) be pre-funded with 1 wei? (advisable yes)
> 
Specify your chain/network ID if you want an explicit one (default = random)
> [32mINFO [0m[08-18|16:20:46.704] Configured new genesis block 

What would you like to do? (default = stats)
 1. Show network stats
 2. Manage existing genesis
 3. Track new remote server
 4. Deploy network components
> 
 1. Modify existing configurations
 2. Export genesis configurations
 3. Remove genesis configuration
> 
Which folder to save the genesis specs into? (default = current)
  Will create pipucks.json, pipucks-aleth.json, pipucks-harmony.json, pipucks-parity.json
> [32mINFO [0m[08-18|16:20:46.706] Saved native genesis chain spec          [32mpath[0m=/home/volker/geth-pi-pucks/genesis/pipucks.json
[31mERROR[0m[08-18|16:20:46.706] Failed to create Aleth chain spec        [31merr[0m="unsupported consensus engine"
[31mERROR[0m[08-18|16:20:46.706] Failed to create Parity chain spec       [31merr[0m="unsupported consensus engine"
[32mINFO [0m[08-18|16:20:46.707] Saved genesis chain spec                 [32mclient[0m=harmony [32mpath[0m=/home/volker/geth-pi-pucks/genesis/pipucks-harmony.json

What would you like to do? (default = stats)
 1. Show network stats
 2. Manage existing genesis
 3. Track new remote server
 4. Deploy network components
> [35mCRIT [0m[08-18|16:20:46.707] Failed to read user input                [35merr[0m=EOF
+-----------------------------------------------------------+
| Welcome to puppeth, your Ethereum private network manager |
|                                                           |
| This tool lets you create a new Ethereum network down to  |
| the genesis block, bootnodes, miners and ethstats servers |
| without the hassle that it would normally entail.         |
|                                                           |
| Puppeth uses SSH to dial in to remote servers, and builds |
| its network components out of Docker containers using the |
| docker-compose toolset.                                   |
+-----------------------------------------------------------+

[32mINFO [0m[08-18|17:46:15.340] Administering Ethereum network           [32mname[0m=pipucks
[32mINFO [0m[08-18|17:46:15.342] No remote machines to gather stats from 

What would you like to do? (default = stats)
 1. Show network stats
 2. Manage existing genesis
 3. Track new remote server
 4. Deploy network components
> 
 1. Modify existing configurations
 2. Export genesis configurations
 3. Remove genesis configuration
> [32mINFO [0m[08-18|17:46:15.342] Genesis block destroyed 

What would you like to do? (default = stats)
 1. Show network stats
 2. Configure new genesis
 3. Track new remote server
 4. Deploy network components
> 
What would you like to do? (default = create)
 1. Create new genesis from scratch
 2. Import already existing genesis
> 
Which consensus engine to use? (default = clique)
 1. Ethash - proof-of-work
 2. Clique - proof-of-authority
> 
How many seconds should blocks take? (default = 15)
> 
Which accounts are allowed to seal? (mandatory at least one)
> 0x> 0x> 0x> 0x> 0x> 0x> 0x> 0x> 0x
Which accounts should be pre-funded? (advisable at least one)
> 0x> 0x> 0x> 0x> 0x> 0x> 0x> 0x> 0x> 0x> 0x
Should the precompile-addresses (0x1 .. 0xff) be pre-funded with 1 wei? (advisable yes)
> 
Specify your chain/network ID if you want an explicit one (default = random)
> [32mINFO [0m[08-18|17:46:15.343] Configured new genesis block 

What would you like to do? (default = stats)
 1. Show network stats
 2. Manage existing genesis
 3. Track new remote server
 4. Deploy network components
> 
 1. Modify existing configurations
 2. Export genesis configurations
 3. Remove genesis configuration
> 
Which folder to save the genesis specs into? (default = current)
  Will create pipucks.json, pipucks-aleth.json, pipucks-harmony.json, pipucks-parity.json
> [32mINFO [0m[08-18|17:46:15.345] Saved native genesis chain spec          [32mpath[0m=/home/volker/geth-pi-pucks/genesis/pipucks.json
[31mERROR[0m[08-18|17:46:15.345] Failed to create Aleth chain spec        [31merr[0m="unsupported consensus engine"
[31mERROR[0m[08-18|17:46:15.345] Failed to create Parity chain spec       [31merr[0m="unsupported consensus engine"
[32mINFO [0m[08-18|17:46:15.346] Saved genesis chain spec                 [32mclient[0m=harmony [32mpath[0m=/home/volker/geth-pi-pucks/genesis/pipucks-harmony.json

What would you like to do? (default = stats)
 1. Show network stats
 2. Manage existing genesis
 3. Track new remote server
 4. Deploy network components
> [35mCRIT [0m[08-18|17:46:15.346] Failed to read user input                [35merr[0m=EOF
+-----------------------------------------------------------+
| Welcome to puppeth, your Ethereum private network manager |
|                                                           |
| This tool lets you create a new Ethereum network down to  |
| the genesis block, bootnodes, miners and ethstats servers |
| without the hassle that it would normally entail.         |
|                                                           |
| Puppeth uses SSH to dial in to remote servers, and builds |
| its network components out of Docker containers using the |
| docker-compose toolset.                                   |
+-----------------------------------------------------------+

[32mINFO [0m[08-18|17:58:53.713] Administering Ethereum network           [32mname[0m=pipucks
[32mINFO [0m[08-18|17:58:53.714] No remote machines to gather stats from 

What would you like to do? (default = stats)
 1. Show network stats
 2. Manage existing genesis
 3. Track new remote server
 4. Deploy network components
> 
 1. Modify existing configurations
 2. Export genesis configurations
 3. Remove genesis configuration
> [32mINFO [0m[08-18|17:58:53.714] Genesis block destroyed 

What would you like to do? (default = stats)
 1. Show network stats
 2. Configure new genesis
 3. Track new remote server
 4. Deploy network components
> 
What would you like to do? (default = create)
 1. Create new genesis from scratch
 2. Import already existing genesis
> 
Which consensus engine to use? (default = clique)
 1. Ethash - proof-of-work
 2. Clique - proof-of-authority
> 
How many seconds should blocks take? (default = 15)
> 
Which accounts are allowed to seal? (mandatory at least one)
> 0x> 0x> 0x> 0x> 0x> 0x> 0x> 0x> 0x
Which accounts should be pre-funded? (advisable at least one)
> 0x> 0x> 0x> 0x> 0x> 0x> 0x> 0x> 0x> 0x> 0x
Should the precompile-addresses (0x1 .. 0xff) be pre-funded with 1 wei? (advisable yes)
> 
Specify your chain/network ID if you want an explicit one (default = random)
> [32mINFO [0m[08-18|17:58:53.715] Configured new genesis block 

What would you like to do? (default = stats)
 1. Show network stats
 2. Manage existing genesis
 3. Track new remote server
 4. Deploy network components
> 
 1. Modify existing configurations
 2. Export genesis configurations
 3. Remove genesis configuration
> 
Which folder to save the genesis specs into? (default = current)
  Will create pipucks.json, pipucks-aleth.json, pipucks-harmony.json, pipucks-parity.json
> [32mINFO [0m[08-18|17:58:53.717] Saved native genesis chain spec          [32mpath[0m=/home/volker/geth-pi-pucks/genesis/pipucks.json
[31mERROR[0m[08-18|17:58:53.717] Failed to create Aleth chain spec        [31merr[0m="unsupported consensus engine"
[31mERROR[0m[08-18|17:58:53.717] Failed to create Parity chain spec       [31merr[0m="unsupported consensus engine"
[32mINFO [0m[08-18|17:58:53.718] Saved genesis chain spec                 [32mclient[0m=harmony [32mpath[0m=/home/volker/geth-pi-pucks/genesis/pipucks-harmony.json

What would you like to do? (default = stats)
 1. Show network stats
 2. Manage existing genesis
 3. Track new remote server
 4. Deploy network components
> [35mCRIT [0m[08-18|17:58:53.718] Failed to read user input                [35merr[0m=EOF
+-----------------------------------------------------------+
| Welcome to puppeth, your Ethereum private network manager |
|                                                           |
| This tool lets you create a new Ethereum network down to  |
| the genesis block, bootnodes, miners and ethstats servers |
| without the hassle that it would normally entail.         |
|                                                           |
| Puppeth uses SSH to dial in to remote servers, and builds |
| its network components out of Docker containers using the |
| docker-compose toolset.                                   |
+-----------------------------------------------------------+

[32mINFO [0m[08-18|18:17:18.608] Administering Ethereum network           [32mname[0m=pipucks
[32mINFO [0m[08-18|18:17:18.609] No remote machines to gather stats from 

What would you like to do? (default = stats)
 1. Show network stats
 2. Manage existing genesis
 3. Track new remote server
 4. Deploy network components
> 
 1. Modify existing configurations
 2. Export genesis configurations
 3. Remove genesis configuration
> [32mINFO [0m[08-18|18:17:18.609] Genesis block destroyed 

What would you like to do? (default = stats)
 1. Show network stats
 2. Configure new genesis
 3. Track new remote server
 4. Deploy network components
> 
What would you like to do? (default = create)
 1. Create new genesis from scratch
 2. Import already existing genesis
> 
Which consensus engine to use? (default = clique)
 1. Ethash - proof-of-work
 2. Clique - proof-of-authority
> 
How many seconds should blocks take? (default = 15)
> 
Which accounts are allowed to seal? (mandatory at least one)
> 0x> 0x> 0x> 0x> 0x> 0x> 0x> 0x> 0x
Which accounts should be pre-funded? (advisable at least one)
> 0x> 0x> 0x> 0x> 0x> 0x> 0x> 0x> 0x> 0x> 0x
Should the precompile-addresses (0x1 .. 0xff) be pre-funded with 1 wei? (advisable yes)
> 
Specify your chain/network ID if you want an explicit one (default = random)
> [32mINFO [0m[08-18|18:17:18.610] Configured new genesis block 

What would you like to do? (default = stats)
 1. Show network stats
 2. Manage existing genesis
 3. Track new remote server
 4. Deploy network components
> 
 1. Modify existing configurations
 2. Export genesis configurations
 3. Remove genesis configuration
> 
Which folder to save the genesis specs into? (default = current)
  Will create pipucks.json, pipucks-aleth.json, pipucks-harmony.json, pipucks-parity.json
> [32mINFO [0m[08-18|18:17:18.613] Saved native genesis chain spec          [32mpath[0m=/home/volker/geth-pi-pucks/genesis/pipucks.json
[31mERROR[0m[08-18|18:17:18.613] Failed to create Aleth chain spec        [31merr[0m="unsupported consensus engine"
[31mERROR[0m[08-18|18:17:18.613] Failed to create Parity chain spec       [31merr[0m="unsupported consensus engine"
[32mINFO [0m[08-18|18:17:18.614] Saved genesis chain spec                 [32mclient[0m=harmony [32mpath[0m=/home/volker/geth-pi-pucks/genesis/pipucks-harmony.json

What would you like to do? (default = stats)
 1. Show network stats
 2. Manage existing genesis
 3. Track new remote server
 4. Deploy network components
> [35mCRIT [0m[08-18|18:17:18.614] Failed to read user input                [35merr[0m=EOF
+-----------------------------------------------------------+
| Welcome to puppeth, your Ethereum private network manager |
|                                                           |
| This tool lets you create a new Ethereum network down to  |
| the genesis block, bootnodes, miners and ethstats servers |
| without the hassle that it would normally entail.         |
|                                                           |
| Puppeth uses SSH to dial in to remote servers, and builds |
| its network components out of Docker containers using the |
| docker-compose toolset.                                   |
+-----------------------------------------------------------+

[32mINFO [0m[08-18|18:18:19.556] Administering Ethereum network           [32mname[0m=pipucks
[32mINFO [0m[08-18|18:18:19.557] No remote machines to gather stats from 

What would you like to do? (default = stats)
 1. Show network stats
 2. Manage existing genesis
 3. Track new remote server
 4. Deploy network components
> 
 1. Modify existing configurations
 2. Export genesis configurations
 3. Remove genesis configuration
> [32mINFO [0m[08-18|18:18:19.557] Genesis block destroyed 

What would you like to do? (default = stats)
 1. Show network stats
 2. Configure new genesis
 3. Track new remote server
 4. Deploy network components
> 
What would you like to do? (default = create)
 1. Create new genesis from scratch
 2. Import already existing genesis
> 
Which consensus engine to use? (default = clique)
 1. Ethash - proof-of-work
 2. Clique - proof-of-authority
> 
How many seconds should blocks take? (default = 15)
> 
Which accounts are allowed to seal? (mandatory at least one)
> 0x> 0x> 0x> 0x> 0x> 0x> 0x> 0x> 0x
Which accounts should be pre-funded? (advisable at least one)
> 0x> 0x> 0x> 0x> 0x> 0x> 0x> 0x> 0x> 0x> 0x
Should the precompile-addresses (0x1 .. 0xff) be pre-funded with 1 wei? (advisable yes)
> 
Specify your chain/network ID if you want an explicit one (default = random)
> [32mINFO [0m[08-18|18:18:19.558] Configured new genesis block 

What would you like to do? (default = stats)
 1. Show network stats
 2. Manage existing genesis
 3. Track new remote server
 4. Deploy network components
> 
 1. Modify existing configurations
 2. Export genesis configurations
 3. Remove genesis configuration
> 
Which folder to save the genesis specs into? (default = current)
  Will create pipucks.json, pipucks-aleth.json, pipucks-harmony.json, pipucks-parity.json
> [32mINFO [0m[08-18|18:18:19.560] Saved native genesis chain spec          [32mpath[0m=/home/volker/geth-pi-pucks/genesis/pipucks.json
[31mERROR[0m[08-18|18:18:19.560] Failed to create Aleth chain spec        [31merr[0m="unsupported consensus engine"
[31mERROR[0m[08-18|18:18:19.560] Failed to create Parity chain spec       [31merr[0m="unsupported consensus engine"
[32mINFO [0m[08-18|18:18:19.561] Saved genesis chain spec                 [32mclient[0m=harmony [32mpath[0m=/home/volker/geth-pi-pucks/genesis/pipucks-harmony.json

What would you like to do? (default = stats)
 1. Show network stats
 2. Manage existing genesis
 3. Track new remote server
 4. Deploy network components
> [35mCRIT [0m[08-18|18:18:19.561] Failed to read user input                [35merr[0m=EOF
+-----------------------------------------------------------+
| Welcome to puppeth, your Ethereum private network manager |
|                                                           |
| This tool lets you create a new Ethereum network down to  |
| the genesis block, bootnodes, miners and ethstats servers |
| without the hassle that it would normally entail.         |
|                                                           |
| Puppeth uses SSH to dial in to remote servers, and builds |
| its network components out of Docker containers using the |
| docker-compose toolset.                                   |
+-----------------------------------------------------------+

[32mINFO [0m[08-18|19:20:03.854] Administering Ethereum network           [32mname[0m=pipucks
[32mINFO [0m[08-18|19:20:03.855] No remote machines to gather stats from 

What would you like to do? (default = stats)
 1. Show network stats
 2. Manage existing genesis
 3. Track new remote server
 4. Deploy network components
> 
 1. Modify existing configurations
 2. Export genesis configurations
 3. Remove genesis configuration
> [32mINFO [0m[08-18|19:20:03.855] Genesis block destroyed 

What would you like to do? (default = stats)
 1. Show network stats
 2. Configure new genesis
 3. Track new remote server
 4. Deploy network components
> 
What would you like to do? (default = create)
 1. Create new genesis from scratch
 2. Import already existing genesis
> 
Which consensus engine to use? (default = clique)
 1. Ethash - proof-of-work
 2. Clique - proof-of-authority
> 
How many seconds should blocks take? (default = 15)
> 
Which accounts are allowed to seal? (mandatory at least one)
> 0x> 0x> 0x> 0x> 0x> 0x> 0x> 0x> 0x
Which accounts should be pre-funded? (advisable at least one)
> 0x> 0x> 0x> 0x> 0x> 0x> 0x> 0x> 0x> 0x> 0x
Should the precompile-addresses (0x1 .. 0xff) be pre-funded with 1 wei? (advisable yes)
> 
Specify your chain/network ID if you want an explicit one (default = random)
> [32mINFO [0m[08-18|19:20:03.856] Configured new genesis block 

What would you like to do? (default = stats)
 1. Show network stats
 2. Manage existing genesis
 3. Track new remote server
 4. Deploy network components
> 
 1. Modify existing configurations
 2. Export genesis configurations
 3. Remove genesis configuration
> 
Which folder to save the genesis specs into? (default = current)
  Will create pipucks.json, pipucks-aleth.json, pipucks-harmony.json, pipucks-parity.json
> [32mINFO [0m[08-18|19:20:03.859] Saved native genesis chain spec          [32mpath[0m=/home/volker/geth-pi-pucks/genesis/pipucks.json
[31mERROR[0m[08-18|19:20:03.859] Failed to create Aleth chain spec        [31merr[0m="unsupported consensus engine"
[31mERROR[0m[08-18|19:20:03.859] Failed to create Parity chain spec       [31merr[0m="unsupported consensus engine"
[32mINFO [0m[08-18|19:20:03.860] Saved genesis chain spec                 [32mclient[0m=harmony [32mpath[0m=/home/volker/geth-pi-pucks/genesis/pipucks-harmony.json

What would you like to do? (default = stats)
 1. Show network stats
 2. Manage existing genesis
 3. Track new remote server
 4. Deploy network components
> [35mCRIT [0m[08-18|19:20:03.860] Failed to read user input                [35merr[0m=EOF
+-----------------------------------------------------------+
| Welcome to puppeth, your Ethereum private network manager |
|                                                           |
| This tool lets you create a new Ethereum network down to  |
| the genesis block, bootnodes, miners and ethstats servers |
| without the hassle that it would normally entail.         |
|                                                           |
| Puppeth uses SSH to dial in to remote servers, and builds |
| its network components out of Docker containers using the |
| docker-compose toolset.                                   |
+-----------------------------------------------------------+

[32mINFO [0m[08-19|14:52:52.188] Administering Ethereum network           [32mname[0m=pipucks
[32mINFO [0m[08-19|14:52:52.189] No remote machines to gather stats from 

What would you like to do? (default = stats)
 1. Show network stats
 2. Manage existing genesis
 3. Track new remote server
 4. Deploy network components
> 
 1. Modify existing configurations
 2. Export genesis configurations
 3. Remove genesis configuration
> [32mINFO [0m[08-19|14:52:52.190] Genesis block destroyed 

What would you like to do? (default = stats)
 1. Show network stats
 2. Configure new genesis
 3. Track new remote server
 4. Deploy network components
> 
What would you like to do? (default = create)
 1. Create new genesis from scratch
 2. Import already existing genesis
> 
Which consensus engine to use? (default = clique)
 1. Ethash - proof-of-work
 2. Clique - proof-of-authority
> 
How many seconds should blocks take? (default = 15)
> 
Which accounts are allowed to seal? (mandatory at least one)
> 0x> 0x> 0x> 0x> 0x> 0x> 0x> 0x> 0x
Which accounts should be pre-funded? (advisable at least one)
> 0x> 0x> 0x> 0x> 0x> 0x> 0x> 0x> 0x> 0x> 0x
Should the precompile-addresses (0x1 .. 0xff) be pre-funded with 1 wei? (advisable yes)
> 
Specify your chain/network ID if you want an explicit one (default = random)
> [32mINFO [0m[08-19|14:52:52.190] Configured new genesis block 

What would you like to do? (default = stats)
 1. Show network stats
 2. Manage existing genesis
 3. Track new remote server
 4. Deploy network components
> 
 1. Modify existing configurations
 2. Export genesis configurations
 3. Remove genesis configuration
> 
Which folder to save the genesis specs into? (default = current)
  Will create pipucks.json, pipucks-aleth.json, pipucks-harmony.json, pipucks-parity.json
> [32mINFO [0m[08-19|14:52:52.192] Saved native genesis chain spec          [32mpath[0m=/home/volker/geth-pi-pucks/genesis/pipucks.json
[31mERROR[0m[08-19|14:52:52.192] Failed to create Aleth chain spec        [31merr[0m="unsupported consensus engine"
[31mERROR[0m[08-19|14:52:52.192] Failed to create Parity chain spec       [31merr[0m="unsupported consensus engine"
[32mINFO [0m[08-19|14:52:52.193] Saved genesis chain spec                 [32mclient[0m=harmony [32mpath[0m=/home/volker/geth-pi-pucks/genesis/pipucks-harmony.json

What would you like to do? (default = stats)
 1. Show network stats
 2. Manage existing genesis
 3. Track new remote server
 4. Deploy network components
> [35mCRIT [0m[08-19|14:52:52.193] Failed to read user input                [35merr[0m=EOF
+-----------------------------------------------------------+
| Welcome to puppeth, your Ethereum private network manager |
|                                                           |
| This tool lets you create a new Ethereum network down to  |
| the genesis block, bootnodes, miners and ethstats servers |
| without the hassle that it would normally entail.         |
|                                                           |
| Puppeth uses SSH to dial in to remote servers, and builds |
| its network components out of Docker containers using the |
| docker-compose toolset.                                   |
+-----------------------------------------------------------+

[32mINFO [0m[08-19|15:46:52.567] Administering Ethereum network           [32mname[0m=pipucks
[32mINFO [0m[08-19|15:46:52.568] No remote machines to gather stats from 

What would you like to do? (default = stats)
 1. Show network stats
 2. Manage existing genesis
 3. Track new remote server
 4. Deploy network components
> 
 1. Modify existing configurations
 2. Export genesis configurations
 3. Remove genesis configuration
> [32mINFO [0m[08-19|15:46:52.568] Genesis block destroyed 

What would you like to do? (default = stats)
 1. Show network stats
 2. Configure new genesis
 3. Track new remote server
 4. Deploy network components
> 
What would you like to do? (default = create)
 1. Create new genesis from scratch
 2. Import already existing genesis
> 
Which consensus engine to use? (default = clique)
 1. Ethash - proof-of-work
 2. Clique - proof-of-authority
> 
How many seconds should blocks take? (default = 15)
> 
Which accounts are allowed to seal? (mandatory at least one)
> 0x> 0x> 0x> 0x> 0x> 0x> 0x> 0x> 0x
Which accounts should be pre-funded? (advisable at least one)
> 0x> 0x> 0x> 0x> 0x> 0x> 0x> 0x> 0x> 0x> 0x
Should the precompile-addresses (0x1 .. 0xff) be pre-funded with 1 wei? (advisable yes)
> 
Specify your chain/network ID if you want an explicit one (default = random)
> [32mINFO [0m[08-19|15:46:52.569] Configured new genesis block 

What would you like to do? (default = stats)
 1. Show network stats
 2. Manage existing genesis
 3. Track new remote server
 4. Deploy network components
> 
 1. Modify existing configurations
 2. Export genesis configurations
 3. Remove genesis configuration
> 
Which folder to save the genesis specs into? (default = current)
  Will create pipucks.json, pipucks-aleth.json, pipucks-harmony.json, pipucks-parity.json
> [32mINFO [0m[08-19|15:46:52.572] Saved native genesis chain spec          [32mpath[0m=/home/volker/geth-pi-pucks/genesis/pipucks.json
[31mERROR[0m[08-19|15:46:52.572] Failed to create Aleth chain spec        [31merr[0m="unsupported consensus engine"
[31mERROR[0m[08-19|15:46:52.572] Failed to create Parity chain spec       [31merr[0m="unsupported consensus engine"
[32mINFO [0m[08-19|15:46:52.573] Saved genesis chain spec                 [32mclient[0m=harmony [32mpath[0m=/home/volker/geth-pi-pucks/genesis/pipucks-harmony.json

What would you like to do? (default = stats)
 1. Show network stats
 2. Manage existing genesis
 3. Track new remote server
 4. Deploy network components
> [35mCRIT [0m[08-19|15:46:52.573] Failed to read user input                [35merr[0m=EOF
+-----------------------------------------------------------+
| Welcome to puppeth, your Ethereum private network manager |
|                                                           |
| This tool lets you create a new Ethereum network down to  |
| the genesis block, bootnodes, miners and ethstats servers |
| without the hassle that it would normally entail.         |
|                                                           |
| Puppeth uses SSH to dial in to remote servers, and builds |
| its network components out of Docker containers using the |
| docker-compose toolset.                                   |
+-----------------------------------------------------------+

[32mINFO [0m[08-19|15:49:01.572] Administering Ethereum network           [32mname[0m=pipucks
[32mINFO [0m[08-19|15:49:01.574] No remote machines to gather stats from 

What would you like to do? (default = stats)
 1. Show network stats
 2. Manage existing genesis
 3. Track new remote server
 4. Deploy network components
> 
 1. Modify existing configurations
 2. Export genesis configurations
 3. Remove genesis configuration
> [32mINFO [0m[08-19|15:49:01.574] Genesis block destroyed 

What would you like to do? (default = stats)
 1. Show network stats
 2. Configure new genesis
 3. Track new remote server
 4. Deploy network components
> 
What would you like to do? (default = create)
 1. Create new genesis from scratch
 2. Import already existing genesis
> 
Which consensus engine to use? (default = clique)
 1. Ethash - proof-of-work
 2. Clique - proof-of-authority
> 
How many seconds should blocks take? (default = 15)
> 
Which accounts are allowed to seal? (mandatory at least one)
> 0x> 0x> 0x> 0x> 0x> 0x> 0x> 0x> 0x
Which accounts should be pre-funded? (advisable at least one)
> 0x> 0x> 0x> 0x> 0x> 0x> 0x> 0x> 0x> 0x> 0x
Should the precompile-addresses (0x1 .. 0xff) be pre-funded with 1 wei? (advisable yes)
> 
Specify your chain/network ID if you want an explicit one (default = random)
> [32mINFO [0m[08-19|15:49:01.574] Configured new genesis block 

What would you like to do? (default = stats)
 1. Show network stats
 2. Manage existing genesis
 3. Track new remote server
 4. Deploy network components
> 
 1. Modify existing configurations
 2. Export genesis configurations
 3. Remove genesis configuration
> 
Which folder to save the genesis specs into? (default = current)
  Will create pipucks.json, pipucks-aleth.json, pipucks-harmony.json, pipucks-parity.json
> [32mINFO [0m[08-19|15:49:01.577] Saved native genesis chain spec          [32mpath[0m=/home/volker/geth-pi-pucks/genesis/pipucks.json
[31mERROR[0m[08-19|15:49:01.577] Failed to create Aleth chain spec        [31merr[0m="unsupported consensus engine"
[31mERROR[0m[08-19|15:49:01.577] Failed to create Parity chain spec       [31merr[0m="unsupported consensus engine"
[32mINFO [0m[08-19|15:49:01.578] Saved genesis chain spec                 [32mclient[0m=harmony [32mpath[0m=/home/volker/geth-pi-pucks/genesis/pipucks-harmony.json

What would you like to do? (default = stats)
 1. Show network stats
 2. Manage existing genesis
 3. Track new remote server
 4. Deploy network components
> [35mCRIT [0m[08-19|15:49:01.578] Failed to read user input                [35merr[0m=EOF
+-----------------------------------------------------------+
| Welcome to puppeth, your Ethereum private network manager |
|                                                           |
| This tool lets you create a new Ethereum network down to  |
| the genesis block, bootnodes, miners and ethstats servers |
| without the hassle that it would normally entail.         |
|                                                           |
| Puppeth uses SSH to dial in to remote servers, and builds |
| its network components out of Docker containers using the |
| docker-compose toolset.                                   |
+-----------------------------------------------------------+

[32mINFO [0m[08-19|17:34:26.247] Administering Ethereum network           [32mname[0m=pipucks
[32mINFO [0m[08-19|17:34:26.248] No remote machines to gather stats from 

What would you like to do? (default = stats)
 1. Show network stats
 2. Manage existing genesis
 3. Track new remote server
 4. Deploy network components
> 
 1. Modify existing configurations
 2. Export genesis configurations
 3. Remove genesis configuration
> [32mINFO [0m[08-19|17:34:26.248] Genesis block destroyed 

What would you like to do? (default = stats)
 1. Show network stats
 2. Configure new genesis
 3. Track new remote server
 4. Deploy network components
> 
What would you like to do? (default = create)
 1. Create new genesis from scratch
 2. Import already existing genesis
> 
Which consensus engine to use? (default = clique)
 1. Ethash - proof-of-work
 2. Clique - proof-of-authority
> 
How many seconds should blocks take? (default = 15)
> 
Which accounts are allowed to seal? (mandatory at least one)
> 0x> 0x> 0x> 0x> 0x> 0x> 0x> 0x> 0x
Which accounts should be pre-funded? (advisable at least one)
> 0x> 0x> 0x> 0x> 0x> 0x> 0x> 0x> 0x> 0x> 0x
Should the precompile-addresses (0x1 .. 0xff) be pre-funded with 1 wei? (advisable yes)
> 
Specify your chain/network ID if you want an explicit one (default = random)
> [32mINFO [0m[08-19|17:34:26.249] Configured new genesis block 

What would you like to do? (default = stats)
 1. Show network stats
 2. Manage existing genesis
 3. Track new remote server
 4. Deploy network components
> 
 1. Modify existing configurations
 2. Export genesis configurations
 3. Remove genesis configuration
> 
Which folder to save the genesis specs into? (default = current)
  Will create pipucks.json, pipucks-aleth.json, pipucks-harmony.json, pipucks-parity.json
> [32mINFO [0m[08-19|17:34:26.251] Saved native genesis chain spec          [32mpath[0m=/home/volker/geth-pi-pucks/genesis/pipucks.json
[31mERROR[0m[08-19|17:34:26.251] Failed to create Aleth chain spec        [31merr[0m="unsupported consensus engine"
[31mERROR[0m[08-19|17:34:26.251] Failed to create Parity chain spec       [31merr[0m="unsupported consensus engine"
[32mINFO [0m[08-19|17:34:26.252] Saved genesis chain spec                 [32mclient[0m=harmony [32mpath[0m=/home/volker/geth-pi-pucks/genesis/pipucks-harmony.json

What would you like to do? (default = stats)
 1. Show network stats
 2. Manage existing genesis
 3. Track new remote server
 4. Deploy network components
> [35mCRIT [0m[08-19|17:34:26.252] Failed to read user input                [35merr[0m=EOF
+-----------------------------------------------------------+
| Welcome to puppeth, your Ethereum private network manager |
|                                                           |
| This tool lets you create a new Ethereum network down to  |
| the genesis block, bootnodes, miners and ethstats servers |
| without the hassle that it would normally entail.         |
|                                                           |
| Puppeth uses SSH to dial in to remote servers, and builds |
| its network components out of Docker containers using the |
| docker-compose toolset.                                   |
+-----------------------------------------------------------+

[32mINFO [0m[08-19|17:36:55.318] Administering Ethereum network           [32mname[0m=pipucks
[32mINFO [0m[08-19|17:36:55.320] No remote machines to gather stats from 

What would you like to do? (default = stats)
 1. Show network stats
 2. Manage existing genesis
 3. Track new remote server
 4. Deploy network components
> 
 1. Modify existing configurations
 2. Export genesis configurations
 3. Remove genesis configuration
> [32mINFO [0m[08-19|17:36:55.321] Genesis block destroyed 

What would you like to do? (default = stats)
 1. Show network stats
 2. Configure new genesis
 3. Track new remote server
 4. Deploy network components
> 
What would you like to do? (default = create)
 1. Create new genesis from scratch
 2. Import already existing genesis
> 
Which consensus engine to use? (default = clique)
 1. Ethash - proof-of-work
 2. Clique - proof-of-authority
> 
How many seconds should blocks take? (default = 15)
> 
Which accounts are allowed to seal? (mandatory at least one)
> 0x> 0x> 0x> 0x> 0x> 0x> 0x> 0x> 0x
Which accounts should be pre-funded? (advisable at least one)
> 0x> 0x> 0x> 0x> 0x> 0x> 0x> 0x> 0x> 0x> 0x
Should the precompile-addresses (0x1 .. 0xff) be pre-funded with 1 wei? (advisable yes)
> 
Specify your chain/network ID if you want an explicit one (default = random)
> [32mINFO [0m[08-19|17:36:55.321] Configured new genesis block 

What would you like to do? (default = stats)
 1. Show network stats
 2. Manage existing genesis
 3. Track new remote server
 4. Deploy network components
> 
 1. Modify existing configurations
 2. Export genesis configurations
 3. Remove genesis configuration
> 
Which folder to save the genesis specs into? (default = current)
  Will create pipucks.json, pipucks-aleth.json, pipucks-harmony.json, pipucks-parity.json
> [32mINFO [0m[08-19|17:36:55.323] Saved native genesis chain spec          [32mpath[0m=/home/volker/geth-pi-pucks/genesis/pipucks.json
[31mERROR[0m[08-19|17:36:55.323] Failed to create Aleth chain spec        [31merr[0m="unsupported consensus engine"
[31mERROR[0m[08-19|17:36:55.323] Failed to create Parity chain spec       [31merr[0m="unsupported consensus engine"
[32mINFO [0m[08-19|17:36:55.324] Saved genesis chain spec                 [32mclient[0m=harmony [32mpath[0m=/home/volker/geth-pi-pucks/genesis/pipucks-harmony.json

What would you like to do? (default = stats)
 1. Show network stats
 2. Manage existing genesis
 3. Track new remote server
 4. Deploy network components
> [35mCRIT [0m[08-19|17:36:55.324] Failed to read user input                [35merr[0m=EOF
+-----------------------------------------------------------+
| Welcome to puppeth, your Ethereum private network manager |
|                                                           |
| This tool lets you create a new Ethereum network down to  |
| the genesis block, bootnodes, miners and ethstats servers |
| without the hassle that it would normally entail.         |
|                                                           |
| Puppeth uses SSH to dial in to remote servers, and builds |
| its network components out of Docker containers using the |
| docker-compose toolset.                                   |
+-----------------------------------------------------------+

[32mINFO [0m[08-19|18:02:52.603] Administering Ethereum network           [32mname[0m=pipucks
[32mINFO [0m[08-19|18:02:52.605] No remote machines to gather stats from 

What would you like to do? (default = stats)
 1. Show network stats
 2. Manage existing genesis
 3. Track new remote server
 4. Deploy network components
> 
 1. Modify existing configurations
 2. Export genesis configurations
 3. Remove genesis configuration
> [32mINFO [0m[08-19|18:02:52.605] Genesis block destroyed 

What would you like to do? (default = stats)
 1. Show network stats
 2. Configure new genesis
 3. Track new remote server
 4. Deploy network components
> 
What would you like to do? (default = create)
 1. Create new genesis from scratch
 2. Import already existing genesis
> 
Which consensus engine to use? (default = clique)
 1. Ethash - proof-of-work
 2. Clique - proof-of-authority
> 
How many seconds should blocks take? (default = 15)
> 
Which accounts are allowed to seal? (mandatory at least one)
> 0x> 0x> 0x> 0x> 0x> 0x> 0x> 0x> 0x
Which accounts should be pre-funded? (advisable at least one)
> 0x> 0x> 0x> 0x> 0x> 0x> 0x> 0x> 0x> 0x> 0x
Should the precompile-addresses (0x1 .. 0xff) be pre-funded with 1 wei? (advisable yes)
> 
Specify your chain/network ID if you want an explicit one (default = random)
> [32mINFO [0m[08-19|18:02:52.605] Configured new genesis block 

What would you like to do? (default = stats)
 1. Show network stats
 2. Manage existing genesis
 3. Track new remote server
 4. Deploy network components
> 
 1. Modify existing configurations
 2. Export genesis configurations
 3. Remove genesis configuration
> 
Which folder to save the genesis specs into? (default = current)
  Will create pipucks.json, pipucks-aleth.json, pipucks-harmony.json, pipucks-parity.json
> [32mINFO [0m[08-19|18:02:52.608] Saved native genesis chain spec          [32mpath[0m=/home/volker/geth-pi-pucks/genesis/pipucks.json
[31mERROR[0m[08-19|18:02:52.608] Failed to create Aleth chain spec        [31merr[0m="unsupported consensus engine"
[31mERROR[0m[08-19|18:02:52.608] Failed to create Parity chain spec       [31merr[0m="unsupported consensus engine"
[32mINFO [0m[08-19|18:02:52.609] Saved genesis chain spec                 [32mclient[0m=harmony [32mpath[0m=/home/volker/geth-pi-pucks/genesis/pipucks-harmony.json

What would you like to do? (default = stats)
 1. Show network stats
 2. Manage existing genesis
 3. Track new remote server
 4. Deploy network components
> [35mCRIT [0m[08-19|18:02:52.609] Failed to read user input                [35merr[0m=EOF
+-----------------------------------------------------------+
| Welcome to puppeth, your Ethereum private network manager |
|                                                           |
| This tool lets you create a new Ethereum network down to  |
| the genesis block, bootnodes, miners and ethstats servers |
| without the hassle that it would normally entail.         |
|                                                           |
| Puppeth uses SSH to dial in to remote servers, and builds |
| its network components out of Docker containers using the |
| docker-compose toolset.                                   |
+-----------------------------------------------------------+

[32mINFO [0m[08-19|20:54:54.756] Administering Ethereum network           [32mname[0m=pipucks
[32mINFO [0m[08-19|20:54:54.757] No remote machines to gather stats from 

What would you like to do? (default = stats)
 1. Show network stats
 2. Manage existing genesis
 3. Track new remote server
 4. Deploy network components
> 
 1. Modify existing configurations
 2. Export genesis configurations
 3. Remove genesis configuration
> [32mINFO [0m[08-19|20:54:54.757] Genesis block destroyed 

What would you like to do? (default = stats)
 1. Show network stats
 2. Configure new genesis
 3. Track new remote server
 4. Deploy network components
> 
What would you like to do? (default = create)
 1. Create new genesis from scratch
 2. Import already existing genesis
> 
Which consensus engine to use? (default = clique)
 1. Ethash - proof-of-work
 2. Clique - proof-of-authority
> 
How many seconds should blocks take? (default = 15)
> 
Which accounts are allowed to seal? (mandatory at least one)
> 0x> 0x> 0x> 0x> 0x> 0x> 0x> 0x> 0x> 0x> 0x> 0x> 0x> 0x> 0x> 0x> 0x
Which accounts should be pre-funded? (advisable at least one)
> 0x> 0x> 0x> 0x> 0x> 0x> 0x> 0x> 0x> 0x> 0x> 0x> 0x> 0x> 0x> 0x> 0x> 0x> 0x
Should the precompile-addresses (0x1 .. 0xff) be pre-funded with 1 wei? (advisable yes)
> 
Specify your chain/network ID if you want an explicit one (default = random)
> [32mINFO [0m[08-19|20:54:54.758] Configured new genesis block 

What would you like to do? (default = stats)
 1. Show network stats
 2. Manage existing genesis
 3. Track new remote server
 4. Deploy network components
> 
 1. Modify existing configurations
 2. Export genesis configurations
 3. Remove genesis configuration
> 
Which folder to save the genesis specs into? (default = current)
  Will create pipucks.json, pipucks-aleth.json, pipucks-harmony.json, pipucks-parity.json
> [32mINFO [0m[08-19|20:54:54.760] Saved native genesis chain spec          [32mpath[0m=/home/volker/geth-pi-pucks/genesis/pipucks.json
[31mERROR[0m[08-19|20:54:54.760] Failed to create Aleth chain spec        [31merr[0m="unsupported consensus engine"
[31mERROR[0m[08-19|20:54:54.760] Failed to create Parity chain spec       [31merr[0m="unsupported consensus engine"
[32mINFO [0m[08-19|20:54:54.761] Saved genesis chain spec                 [32mclient[0m=harmony [32mpath[0m=/home/volker/geth-pi-pucks/genesis/pipucks-harmony.json

What would you like to do? (default = stats)
 1. Show network stats
 2. Manage existing genesis
 3. Track new remote server
 4. Deploy network components
> [35mCRIT [0m[08-19|20:54:54.761] Failed to read user input                [35merr[0m=EOF
+-----------------------------------------------------------+
| Welcome to puppeth, your Ethereum private network manager |
|                                                           |
| This tool lets you create a new Ethereum network down to  |
| the genesis block, bootnodes, miners and ethstats servers |
| without the hassle that it would normally entail.         |
|                                                           |
| Puppeth uses SSH to dial in to remote servers, and builds |
| its network components out of Docker containers using the |
| docker-compose toolset.                                   |
+-----------------------------------------------------------+

[32mINFO [0m[10-03|19:49:57.003] Administering Ethereum network           [32mname[0m=pipucks
[32mINFO [0m[10-03|19:49:57.005] No remote machines to gather stats from 

What would you like to do? (default = stats)
 1. Show network stats
 2. Manage existing genesis
 3. Track new remote server
 4. Deploy network components
> 

 1. Modify existing configurations
 2. Export genesis configurations
 3. Remove genesis configuration
> 
[32mINFO [0m[10-03|19:49:57.005] Genesis block destroyed 

What would you like to do? (default = stats)
 1. Show network stats
 2. Configure new genesis
 3. Track new remote server
 4. Deploy network components
> 

What would you like to do? (default = create)
 1. Create new genesis from scratch
 2. Import already existing genesis
> 

Which consensus engine to use? (default = clique)
 1. Ethash - proof-of-work
 2. Clique - proof-of-authority
> 

How many seconds should blocks take? (default = 15)
> 

Which accounts are allowed to seal? (mandatory at least one)
> 0x
> 0x
> 0x

Which accounts should be pre-funded? (advisable at least one)
> 0x
> 0x
> 0x
> 0x
> 0x

Should the precompile-addresses (0x1 .. 0xff) be pre-funded with 1 wei? (advisable yes)
> 

Specify your chain/network ID if you want an explicit one (default = random)
> 
[32mINFO [0m[10-03|19:49:57.005] Configured new genesis block 

What would you like to do? (default = stats)
 1. Show network stats
 2. Manage existing genesis
 3. Track new remote server
 4. Deploy network components
> 

 1. Modify existing configurations
 2. Export genesis configurations
 3. Remove genesis configuration
> 

Which folder to save the genesis spec into? (default = current)
  Will create pipucks.json
> 
[32mINFO [0m[10-03|19:49:57.007] Saved native genesis chain spec          [32mpath[0m=/home/eksander/geth-pi-pucks/genesis/pipucks.json

What would you like to do? (default = stats)
 1. Show network stats
 2. Manage existing genesis
 3. Track new remote server
 4. Deploy network components
> 
[35mCRIT [0m[10-03|19:49:57.007] Failed to read user input                [35merr[0m=EOF
