ID TIME BLK #MEETS #BLOCKS
209 142 4 3 0x3491c64dd5953620b33ec5f9baee2c1258c0cd7f5ad18db996746ab30daf5b8f 0x1384b3aa86c9c870d7f466466d92a51cecc13fd8835867c1896731c2c89a9da5 2 7 723 1 0
209 170 4 4 0x1dee1102dc5a6bdb38bcaeb6e2d68371fd580d44b6f3953c867700466ab5a4b4 0x3491c64dd5953620b33ec5f9baee2c1258c0cd7f5ad18db996746ab30daf5b8f 1 8 923 3 0
209 536 5 5 0x2de8f920202d37f9029e3e07857ae63cea3f2fe5bf6a6d4d83b96845b20cfbf3 0x1dee1102dc5a6bdb38bcaeb6e2d68371fd580d44b6f3953c867700466ab5a4b4 1 9 818 2 0
209 696 6 6 0x673787ca2cd09f9a788fca64c9e2addbe46f538d34e79297d62d186e0c856ecf 0x2de8f920202d37f9029e3e07857ae63cea3f2fe5bf6a6d4d83b96845b20cfbf3 1 10 818 2 0
209 1068 7 6 0x4e7832a5d9865a463b63bfbb5ba1787bbbc0180a61f779c478afcee17c5b792d 0x2de8f920202d37f9029e3e07857ae63cea3f2fe5bf6a6d4d83b96845b20cfbf3 2 11 818 2 0
209 1087 7 7 0x197789f954e4dbecdf8318e4951445fc2ff25b2e61369fbcc67dffb10cd66464 0x4e7832a5d9865a463b63bfbb5ba1787bbbc0180a61f779c478afcee17c5b792d 1 12 1150 4 0
209 1342 10 7 0x7b3c69930f07212d02606618f39d1896d00b1665620aa37016d76b26fb1fae63 0x673787ca2cd09f9a788fca64c9e2addbe46f538d34e79297d62d186e0c856ecf 2 12 606 0 0
209 1366 10 8 0xd1add94ec901313fcdb85b8070af47d93bc51485080e2fe89609840b6923d2c0 0x7b3c69930f07212d02606618f39d1896d00b1665620aa37016d76b26fb1fae63 1 13 1150 4 0
209 1387 10 9 0xc881a08d500633e10a9eaa75a92418185a72cffbc1a194ed1e14eb5ae2cffd6d 0xd1add94ec901313fcdb85b8070af47d93bc51485080e2fe89609840b6923d2c0 1 14 818 2 0
209 1413 10 8 0x8dc7d602a3291a1ff086a33248644a1697ba89761c61aae562ff3115b95a0c18 0x7b3c69930f07212d02606618f39d1896d00b1665620aa37016d76b26fb1fae63 2 14 606 0 0
209 1449 10 8 0x19728d72eb2fb11cb1033e64f46b7a17a0a1e7690e74e9ab2b4dd54588a5f020 0x7b3c69930f07212d02606618f39d1896d00b1665620aa37016d76b26fb1fae63 2 14 1462 7 0
209 1483 10 10 0x65f1338e1a9394b674e9e7f5c0f9ddda728d39a8f872d0b0c64ae791733f2b80 0xc881a08d500633e10a9eaa75a92418185a72cffbc1a194ed1e14eb5ae2cffd6d 1 15 606 0 0
209 1734 9 9 0xf5a165c37ca965fd4a5e68a90872717d40f996c1a8fe14cfcb9ec0e2a907e11d 0x8dc7d602a3291a1ff086a33248644a1697ba89761c61aae562ff3115b95a0c18 2 16 606 0 0
209 2049 11 10 0x22c69fdb22cb0b84c09fc2b8a6e80c04e7e8e7d8313cf45621b1c429f6d295c6 0xf5a165c37ca965fd4a5e68a90872717d40f996c1a8fe14cfcb9ec0e2a907e11d 1 17 1878 11 0
209 2088 11 10 0xd7c14cae562da10a6498f219503103418ebcfec7c3fd2e27478e41bb47fe8581 0xf5a165c37ca965fd4a5e68a90872717d40f996c1a8fe14cfcb9ec0e2a907e11d 2 18 1774 10 0
209 2117 11 11 0x50cce06fef0eec3736540e3ddc074f7ee7fca85892a1f938cbdf12bc374b1828 0xd7c14cae562da10a6498f219503103418ebcfec7c3fd2e27478e41bb47fe8581 2 20 859 2 0
209 2241 12 12 0x2d961be104aeb2cbbe6ec4a1e656fac47d67509f981489f0b4cac9aa6725379f 0x50cce06fef0eec3736540e3ddc074f7ee7fca85892a1f938cbdf12bc374b1828 2 22 606 0 0
209 2351 13 13 0xd21aeea128da3bced47c230c23c89d8049561c0c6dd6d3b62d01c7407c68ed86 0x2d961be104aeb2cbbe6ec4a1e656fac47d67509f981489f0b4cac9aa6725379f 1 23 1339 7 0
209 2649 14 14 0x6395645d9392a5c6985bbf405ccd96114f7b267bcb058280c19f2310e8b935b4 0xd21aeea128da3bced47c230c23c89d8049561c0c6dd6d3b62d01c7407c68ed86 1 24 1027 4 0
209 2759 15 15 0x5a3bc7883192f75d1b7cd6ea442b666d6279b42beb8905681f1fa732dfcf2c91 0x6395645d9392a5c6985bbf405ccd96114f7b267bcb058280c19f2310e8b935b4 1 25 901 2 0
209 3148 16 16 0x4856876e47ee86352e3e98e4f0bb7800377d22f566d753e32e93616f9f7e9dab 0x5a3bc7883192f75d1b7cd6ea442b666d6279b42beb8905681f1fa732dfcf2c91 1 26 606 0 0
209 3319 17 17 0x36f8c02e55e5598cb0e07aaa60e6a35889a0a634d0a099544ed5d37b68fd2bfb 0x4856876e47ee86352e3e98e4f0bb7800377d22f566d753e32e93616f9f7e9dab 2 28 859 2 0
209 3817 20 18 0x0b633a4e7cf22d3f154d6cac6ec8b31995cd6a06178bbde5e5845c5ab66d2aea 0x36f8c02e55e5598cb0e07aaa60e6a35889a0a634d0a099544ed5d37b68fd2bfb 2 30 964 3 0
209 3837 20 19 0x9f6cfe3235370c8af3a0800da0be0ffc76f4cdc3440e2a8985c206f0b4de383d 0x0b633a4e7cf22d3f154d6cac6ec8b31995cd6a06178bbde5e5845c5ab66d2aea 2 32 818 2 0
209 3863 20 20 0x3f08810523ceba6691ef5fb9778bdbb7176f5620465c3939e1f15d13d62cb397 0x9f6cfe3235370c8af3a0800da0be0ffc76f4cdc3440e2a8985c206f0b4de383d 1 33 964 3 0
209 3883 20 20 0x610c22863a5a25ebde820b7d84047963f6f6f581bbbec2d1ccfff17e98894367 0x9f6cfe3235370c8af3a0800da0be0ffc76f4cdc3440e2a8985c206f0b4de383d 2 34 606 0 0
209 4331 21 21 0xfabd9e0c868b5a34be546b251aa19506daa68107c245bc367685f9b126cc1392 0x610c22863a5a25ebde820b7d84047963f6f6f581bbbec2d1ccfff17e98894367 2 36 606 0 0
209 4456 22 22 0x87cda973349d4b07d3b92ac078c6c7aeb1b966fde1d5a343271ef6f348dc07a5 0xfabd9e0c868b5a34be546b251aa19506daa68107c245bc367685f9b126cc1392 1 37 1670 9 0
209 4849 23 22 0x67a6b27bd35d3949106433a849d0a9d0d27de94b48e8e16cfc87cbaf33f0b73f 0xfabd9e0c868b5a34be546b251aa19506daa68107c245bc367685f9b126cc1392 2 38 1670 9 0
209 4869 23 23 0x68ec833f1a89206c984acb3e2d04b946ae731f71460585982b411292dcb84717 0x67a6b27bd35d3949106433a849d0a9d0d27de94b48e8e16cfc87cbaf33f0b73f 2 40 1068 4 0
209 5120 24 24 0xe853c532ae7f7dc9afaee12e0629a6f4a6880ba5a88b645d2c79dbe8e2d6500f 0x68ec833f1a89206c984acb3e2d04b946ae731f71460585982b411292dcb84717 2 42 606 0 0
209 5157 25 25 0x5ec1bfa2369771528cafff1eaa11db30b831d8fd2ff50eea5a670460b347f963 0xe853c532ae7f7dc9afaee12e0629a6f4a6880ba5a88b645d2c79dbe8e2d6500f 1 43 818 2 0
209 5301 26 26 0xba74805bf0b940e5e303f13a2a50d849dccf9d262266f9ec0bca9c23269fa0e9 0x5ec1bfa2369771528cafff1eaa11db30b831d8fd2ff50eea5a670460b347f963 1 44 859 2 0
209 5459 27 27 0x1f385432c2be7c3c778de792935c03855939868b804830d04cecd984b6334a98 0xba74805bf0b940e5e303f13a2a50d849dccf9d262266f9ec0bca9c23269fa0e9 1 45 755 1 0
209 5762 28 27 0x4035ccb8cd742498a8d29eb16ca86f108154043f18d7720188df7ef8745c98af 0xba74805bf0b940e5e303f13a2a50d849dccf9d262266f9ec0bca9c23269fa0e9 2 46 606 0 0
209 5782 28 28 0x47f789002dde996b35ce6625428e7f0303f1e64663794ae505df709ea633c945 0x4035ccb8cd742498a8d29eb16ca86f108154043f18d7720188df7ef8745c98af 1 47 1046 3 0
209 6079 29 28 0xbd6e95e7916576ac7d5d89d9b5d551e676416645357c5bdf93e4bc58b85588f6 0x4035ccb8cd742498a8d29eb16ca86f108154043f18d7720188df7ef8745c98af 2 48 755 1 0
209 6100 29 29 0x10ebb8f76835399d8e002166e8535df1d5b0b42f298339d1425b2e63d88e6570 0xbd6e95e7916576ac7d5d89d9b5d551e676416645357c5bdf93e4bc58b85588f6 2 50 606 0 0
209 6329 30 30 0xe64799b12918766159e9745004cba1838dd1f73d463c4f3bcb3d48df13f2e280 0x10ebb8f76835399d8e002166e8535df1d5b0b42f298339d1425b2e63d88e6570 2 52 606 0 0
209 6433 31 31 0x7562566bc2798d5567ddd9c227f66e94ec4630bfd0ae475b19b335b22ff36e7f 0xe64799b12918766159e9745004cba1838dd1f73d463c4f3bcb3d48df13f2e280 1 53 1503 7 0
