ID TIME BLK ESTIMATE W B S1 S2 S3
209 340 2 0.125 0 3 337 282 241
209 9 2 0.071 0 6 333 258 245
209 19 2 0.05 0 9 513 370 277
209 29 2 0.192 2 10 956 934 686
209 39 2 0.281 4 11 906 755 556
209 49 2 0.237 4 14 331 254 242
209 59 2 0.205 4 17 337 261 250
209 69 2 0.18 4 20 344 264 253
209 80 3 0.196 5 22 698 696 728
209 90 3 0.274 8 22 956 954 947
209 100 3 0.338 11 22 958 954 948
209 110 3 0.392 14 22 954 932 910
209 120 3 0.412 16 23 821 742 596
209 130 4 0.384 16 26 328 254 242
209 140 4 0.359 16 29 421 399 441
209 150 4 0.398 19 29 911 952 946
209 160 4 0.394 20 31 341 553 758
209 170 4 0.373 20 34 339 261 249
209 180 4 0.353 20 37 341 263 251
209 190 4 0.336 20 40 339 259 249
209 200 4 0.32 20 43 341 263 250
209 210 4 0.306 20 46 339 261 249
209 220 4 0.293 20 49 430 477 671
209 230 4 0.322 23 49 960 954 941
209 240 4 0.349 26 49 956 950 947
209 250 4 0.373 29 49 961 953 909
209 260 4 0.372 30 51 612 688 765
209 270 4 0.359 30 54 340 262 249
209 280 4 0.347 30 57 332 257 245
209 290 4 0.335 30 60 329 251 240
209 300 4 0.324 30 63 331 253 242
209 310 4 0.325 31 65 574 608 703
209 320 4 0.345 34 65 827 956 951
209 330 4 0.345 35 67 335 485 900
209 341 4 0.363 38 67 839 884 881
209 351 4 0.381 41 67 958 954 949
209 361 4 0.397 44 67 958 953 937
209 371 4 0.387 44 70 362 298 297
209 381 4 0.377 44 73 343 263 252
209 391 4 0.368 44 76 343 263 252
209 401 4 0.359 44 79 339 260 247
209 411 4 0.35 44 82 338 259 248
209 421 4 0.342 44 85 334 256 245
209 431 4 0.335 44 88 334 258 247
209 441 4 0.327 44 91 342 264 252
209 451 4 0.32 44 94 342 263 251
209 461 4 0.313 44 97 339 262 251
209 471 4 0.307 44 100 339 262 251
209 481 4 0.301 44 103 335 259 248
209 491 4 0.295 44 106 340 258 248
209 501 5 0.289 44 109 331 255 248
209 511 5 0.283 44 112 329 253 245
209 521 5 0.278 44 115 327 251 241
209 531 5 0.273 44 118 333 255 244
209 541 5 0.268 44 121 333 258 247
209 551 5 0.263 44 124 332 256 245
209 561 5 0.259 44 127 331 254 245
209 571 5 0.254 44 130 334 259 237
209 581 5 0.25 44 133 335 259 249
209 591 5 0.246 44 136 330 253 242
209 601 5 0.242 44 139 335 252 241
209 611 5 0.238 44 142 328 250 238
209 621 5 0.234 44 145 341 263 251
209 632 5 0.231 44 148 339 260 252
209 642 6 0.227 44 151 340 264 254
209 652 6 0.224 44 154 339 260 248
209 662 6 0.22 44 157 342 263 252
209 672 6 0.217 44 160 341 263 252
209 682 6 0.214 44 163 339 263 252
209 692 6 0.211 44 166 340 262 387
209 702 6 0.213 45 168 337 295 911
209 712 6 0.224 48 168 703 880 899
209 722 6 0.23 50 169 953 885 656
209 732 6 0.226 50 172 483 265 251
209 742 6 0.223 50 175 338 274 250
209 752 6 0.221 50 178 338 261 250
209 762 6 0.218 50 181 335 259 248
209 772 6 0.215 50 184 330 255 245
209 782 6 0.212 50 187 330 256 245
209 792 6 0.21 50 190 328 252 245
209 802 6 0.207 50 193 326 253 247
209 812 6 0.204 50 196 335 260 248
209 822 6 0.202 50 199 334 258 246
209 832 6 0.2 50 202 443 467 573
209 842 6 0.209 53 202 955 944 898
209 852 6 0.218 56 202 956 926 853
209 862 6 0.227 59 202 959 955 942
209 872 6 0.236 62 202 955 941 906
209 882 6 0.244 65 202 959 954 937
209 892 6 0.253 68 202 958 942 917
209 902 6 0.261 71 202 954 935 900
209 913 6 0.262 72 204 889 602 294
209 923 6 0.266 74 205 948 807 332
209 933 6 0.267 75 207 751 554 316
209 943 6 0.264 75 210 436 266 254
209 953 6 0.261 75 213 343 264 253
209 963 6 0.259 75 216 579 327 249
209 973 6 0.266 78 216 956 950 767
209 983 7 0.267 79 218 782 540 303
209 993 7 0.264 79 221 344 265 237
209 1003 7 0.262 79 224 340 262 252
209 1013 7 0.259 79 227 341 264 252
209 1024 7 0.256 79 230 343 264 253
209 1034 7 0.254 79 233 341 264 251
209 1044 7 0.252 79 236 375 263 250
209 1054 7 0.249 79 239 424 386 600
209 1064 7 0.256 82 239 883 859 821
209 1074 7 0.263 85 239 954 925 885
209 1084 7 0.264 86 241 585 674 740
209 1094 7 0.261 86 244 396 256 247
209 1104 7 0.259 86 247 336 260 248
209 1114 7 0.257 86 250 328 254 246
209 1124 7 0.254 86 253 325 253 245
209 1134 7 0.255 87 255 576 687 848
209 1144 7 0.262 90 255 744 905 951
209 1154 7 0.259 90 258 333 259 401
209 1164 7 0.257 90 261 332 259 250
209 1174 7 0.255 90 264 633 601 599
209 1184 7 0.261 93 264 954 948 936
209 1194 7 0.267 96 264 952 929 890
209 1204 7 0.273 99 264 952 939 792
209 1214 7 0.279 102 264 951 945 913
209 1224 7 0.285 105 264 954 951 947
209 1234 7 0.291 108 264 958 953 947
209 1244 7 0.294 110 265 877 731 574
209 1254 7 0.292 110 268 341 264 251
209 1264 7 0.289 110 271 341 261 249
209 1274 7 0.287 110 274 335 257 246
209 1284 9 0.29 112 275 663 737 855
209 1294 10 0.295 115 275 955 925 900
209 1304 10 0.298 117 276 951 731 482
209 1314 10 0.296 117 279 342 259 249
209 1325 10 0.294 117 282 337 261 250
209 1335 10 0.292 117 285 338 262 251
209 1345 10 0.289 117 288 334 260 250
209 1355 10 0.287 117 291 336 260 248
209 1365 10 0.285 117 294 334 258 246
209 1375 10 0.283 117 297 337 259 245
209 1385 10 0.281 117 300 329 252 239
209 1395 10 0.279 117 303 327 251 243
209 1405 10 0.277 117 306 530 318 242
209 1415 10 0.282 120 306 946 880 730
209 1425 10 0.287 123 306 957 946 930
209 1435 10 0.292 126 306 960 956 950
209 1446 10 0.297 129 306 957 947 925
209 1456 10 0.302 132 306 961 956 949
209 1466 10 0.307 135 306 899 946 933
209 1476 10 0.304 135 309 383 398 497
209 1486 10 0.302 135 312 604 271 254
209 1496 10 0.3 135 315 343 265 253
209 1506 10 0.298 135 318 339 263 252
209 1516 10 0.296 135 321 341 265 254
209 1526 10 0.295 135 324 340 264 253
209 1536 10 0.293 135 327 336 261 248
209 1546 10 0.291 135 330 321 248 295
209 1556 10 0.293 137 331 698 732 715
209 1566 10 0.298 140 331 955 937 856
209 1576 10 0.302 143 331 955 939 899
209 1586 10 0.306 146 331 952 947 936
209 1596 10 0.311 149 331 946 940 923
209 1606 10 0.309 149 334 357 470 663
209 1616 10 0.307 149 337 343 267 255
209 1626 10 0.305 149 340 340 263 252
209 1636 10 0.303 149 343 340 263 251
209 1646 10 0.307 152 343 866 831 799
209 1656 10 0.312 155 343 958 953 944
209 1666 10 0.316 158 343 959 955 948
209 1676 10 0.314 158 346 489 438 432
209 1686 10 0.312 158 349 342 264 253
209 1696 9 0.31 158 352 339 263 252
209 1706 9 0.308 158 355 338 260 248
209 1716 9 0.307 158 358 337 260 251
209 1727 9 0.305 158 361 335 263 341
209 1737 9 0.307 160 362 606 755 905
209 1747 9 0.311 163 362 955 913 854
209 1757 9 0.313 165 363 942 804 618
209 1767 9 0.313 166 365 946 674 471
209 1777 9 0.315 168 366 875 739 606
209 1787 9 0.313 168 369 336 252 241
209 1797 9 0.311 168 372 586 301 321
209 1807 9 0.31 168 375 631 388 254
209 1817 9 0.314 171 375 946 904 768
209 1827 9 0.317 174 375 954 923 706
209 1837 10 0.317 175 377 713 426 251
209 1847 10 0.316 175 380 356 269 255
209 1858 10 0.314 175 383 348 269 255
209 1868 10 0.318 178 383 902 821 712
209 1878 10 0.321 181 383 888 787 761
209 1888 10 0.323 183 384 860 736 688
209 1898 10 0.325 185 385 849 728 660
209 1909 10 0.328 188 385 880 763 707
209 1919 10 0.33 190 386 862 738 682
209 1929 10 0.332 192 387 861 736 661
209 1939 10 0.335 195 387 905 797 729
209 1949 10 0.339 198 387 873 895 873
209 1959 10 0.337 198 390 569 307 360
209 1969 10 0.335 198 393 336 260 247
209 1979 10 0.334 198 396 331 258 246
209 1990 11 0.332 198 399 326 325 386
209 2000 11 0.335 201 399 754 880 836
209 2010 11 0.334 201 402 339 411 691
209 2020 11 0.332 201 405 342 264 252
209 2030 11 0.33 201 408 339 262 252
209 2041 11 0.329 201 411 339 263 250
209 2051 11 0.327 201 414 339 262 251
209 2061 11 0.326 201 417 341 264 238
209 2071 11 0.324 201 420 327 254 243
209 2081 11 0.322 201 423 532 258 238
209 2091 11 0.321 201 426 332 255 240
209 2101 11 0.319 201 429 335 258 244
209 2111 11 0.318 201 432 340 265 250
209 2121 11 0.316 201 435 318 246 234
209 2131 11 0.315 201 438 322 246 233
209 2141 11 0.313 201 441 334 257 245
209 2151 11 0.312 201 444 339 263 252
209 2161 11 0.31 201 447 331 255 244
209 2171 11 0.309 201 450 332 256 246
209 2181 11 0.308 201 453 336 258 247
209 2191 12 0.306 201 456 342 262 250
209 2201 12 0.305 201 459 340 262 250
209 2211 12 0.303 201 462 327 256 244
209 2222 12 0.302 201 465 329 255 247
209 2232 12 0.301 201 468 421 376 385
209 2242 12 0.304 204 468 867 946 925
209 2252 12 0.305 206 469 380 860 829
209 2262 12 0.304 206 472 331 255 290
209 2272 12 0.303 206 475 334 260 250
209 2282 12 0.301 206 478 335 260 250
209 2292 12 0.3 206 481 334 260 247
209 2302 12 0.299 206 484 334 255 249
209 2312 12 0.302 209 484 789 854 933
209 2322 12 0.305 212 484 959 953 931
209 2332 12 0.308 215 484 958 953 925
209 2342 13 0.311 218 484 957 924 788
209 2352 13 0.312 220 485 911 758 669
209 2362 13 0.315 223 485 893 761 716
209 2372 13 0.318 226 485 916 813 753
209 2382 13 0.321 229 485 950 923 901
209 2392 13 0.324 232 485 955 918 870
209 2402 13 0.327 235 485 955 943 929
209 2412 13 0.328 237 486 548 759 941
209 2422 13 0.327 237 489 341 263 446
209 2432 13 0.325 237 492 337 260 249
209 2442 13 0.324 237 495 339 260 248
209 2452 13 0.323 237 498 339 262 249
209 2462 13 0.321 237 501 333 255 244
209 2472 13 0.323 239 502 778 723 250
209 2482 13 0.324 241 503 961 890 252
209 2492 13 0.324 242 505 871 334 248
209 2502 13 0.323 242 508 338 261 250
209 2512 13 0.322 242 511 340 263 250
209 2522 13 0.32 242 514 339 262 249
209 2532 13 0.319 242 517 332 257 243
209 2542 13 0.318 242 520 334 258 247
209 2553 13 0.317 242 523 339 262 248
209 2563 13 0.315 242 526 330 255 243
209 2573 13 0.314 242 529 324 251 241
209 2583 13 0.313 242 532 326 250 239
209 2593 14 0.312 242 535 329 255 245
209 2603 14 0.31 242 538 670 599 561
209 2613 14 0.313 245 538 955 941 914
209 2623 14 0.316 248 538 954 936 897
209 2633 14 0.318 251 538 950 930 906
209 2643 14 0.321 254 538 950 947 943
209 2653 14 0.323 257 538 951 947 942
209 2663 14 0.326 260 538 951 949 939
209 2673 14 0.329 263 538 741 748 758
209 2683 14 0.327 263 541 342 263 250
209 2693 14 0.326 263 544 339 263 252
209 2703 14 0.325 263 547 341 264 251
209 2713 14 0.324 263 550 341 263 239
209 2723 14 0.323 263 553 340 262 250
209 2733 14 0.321 263 556 340 262 251
209 2743 15 0.32 263 559 331 240 243
209 2753 15 0.319 263 562 323 249 240
209 2763 15 0.318 263 565 326 252 243
209 2773 15 0.317 263 568 329 257 248
209 2783 15 0.316 263 571 338 258 245
209 2793 15 0.314 263 574 335 264 370
209 2803 15 0.317 266 574 841 932 926
209 2813 15 0.319 269 574 955 952 941
209 2823 15 0.319 270 576 349 545 787
209 2833 15 0.318 270 579 340 262 250
209 2843 15 0.317 270 582 335 259 249
209 2853 15 0.316 270 585 331 258 247
209 2863 15 0.315 270 588 338 261 248
209 2873 15 0.314 270 591 326 252 241
209 2883 15 0.313 270 594 331 256 246
209 2893 15 0.313 271 596 922 629 258
209 2903 15 0.312 271 599 403 261 246
209 2913 15 0.311 271 602 340 262 250
209 2924 15 0.31 271 605 337 262 249
209 2934 15 0.309 271 608 483 257 236
209 2944 15 0.311 274 608 953 942 740
209 2954 15 0.313 277 608 951 946 903
209 2964 15 0.313 278 610 816 618 392
209 2974 15 0.312 278 613 348 265 252
209 2984 15 0.311 278 616 341 265 255
209 2994 15 0.31 278 619 345 268 250
209 3004 15 0.309 278 622 338 261 250
209 3014 15 0.308 278 625 339 262 250
209 3024 15 0.307 278 628 340 264 252
209 3034 15 0.306 278 631 334 260 248
209 3045 15 0.305 278 634 326 253 244
209 3055 15 0.306 280 635 833 733 297
209 3065 15 0.308 283 635 958 951 896
209 3075 15 0.311 286 635 956 943 891
209 3085 15 0.311 287 637 808 691 573
209 3095 16 0.31 287 640 335 259 247
209 3105 16 0.309 287 643 343 265 253
209 3115 16 0.308 287 646 345 305 354
209 3125 16 0.31 290 646 944 950 941
209 3135 16 0.312 293 646 958 948 937
209 3145 16 0.314 296 646 951 927 904
209 3155 16 0.317 299 646 958 944 919
209 3165 16 0.319 302 646 955 938 902
209 3175 16 0.321 305 646 947 916 872
209 3185 16 0.323 308 646 954 945 926
209 3195 16 0.325 311 646 956 952 919
209 3205 16 0.324 311 649 616 565 265
209 3215 16 0.323 311 652 339 265 251
209 3225 16 0.322 311 655 330 255 243
209 3235 17 0.321 311 658 331 255 245
209 3245 17 0.32 311 661 325 252 241
209 3255 17 0.319 311 664 372 251 239
209 3265 17 0.319 312 666 907 673 490
209 3275 17 0.321 315 666 945 907 864
209 3285 17 0.323 318 666 956 949 925
209 3296 17 0.325 321 666 960 956 950
209 3306 17 0.326 323 667 564 703 898
209 3316 17 0.325 323 670 337 264 257
209 3326 17 0.324 323 673 341 263 250
209 3336 17 0.324 323 676 341 263 251
209 3346 17 0.323 323 679 336 261 249
209 3356 17 0.322 323 682 331 257 246
209 3366 17 0.321 323 685 326 255 242
209 3376 17 0.32 323 688 338 262 248
209 3386 17 0.319 323 691 334 258 245
209 3396 17 0.318 323 694 336 262 250
209 3406 17 0.317 323 697 331 256 242
209 3416 17 0.316 323 700 326 253 240
209 3426 17 0.315 323 703 325 267 384
209 3436 17 0.317 326 703 879 914 827
209 3446 17 0.319 329 703 947 922 875
209 3456 17 0.321 332 703 949 947 938
209 3466 17 0.323 335 703 942 909 877
209 3476 17 0.325 338 703 952 949 935
209 3486 17 0.326 340 704 531 930 900
209 3496 17 0.325 340 707 341 375 275
209 3506 17 0.324 340 710 342 264 252
209 3516 17 0.323 340 713 340 263 250
209 3526 17 0.322 340 716 337 262 249
209 3536 17 0.321 340 719 339 263 250
209 3546 17 0.32 340 722 340 266 251
209 3556 17 0.319 340 725 339 264 249
209 3566 17 0.319 340 728 328 255 242
209 3576 17 0.318 340 731 319 247 235
209 3586 17 0.317 340 734 322 250 242
209 3596 17 0.316 340 737 323 252 242
209 3606 17 0.315 340 740 337 259 246
209 3616 17 0.314 340 743 323 290 382
209 3626 17 0.314 341 745 332 533 815
209 3636 17 0.313 341 748 338 264 250
209 3646 17 0.312 341 751 336 262 251
209 3656 17 0.312 341 754 331 258 246
209 3666 17 0.311 341 757 332 257 244
209 3676 17 0.31 341 760 323 251 238
209 3686 17 0.309 341 763 325 253 365
209 3696 17 0.309 342 765 852 578 494
209 3706 17 0.31 344 766 922 732 467
209 3716 17 0.312 347 766 950 943 931
209 3726 17 0.314 350 766 951 948 931
209 3736 17 0.316 353 766 947 912 865
209 3746 17 0.317 355 767 940 702 625
209 3756 17 0.317 356 769 774 262 247
209 3766 17 0.316 356 772 342 265 252
209 3777 17 0.315 356 775 342 266 252
209 3787 20 0.314 356 778 337 260 247
209 3797 20 0.313 356 781 334 258 247
209 3807 20 0.312 356 784 338 263 221
209 3817 20 0.312 356 787 341 265 251
209 3827 20 0.311 356 790 337 262 251
209 3837 20 0.31 356 793 336 261 247
209 3847 20 0.309 356 796 338 262 248
209 3857 20 0.308 356 799 341 261 245
209 3867 20 0.308 356 802 331 254 243
209 3877 20 0.307 356 805 320 248 238
209 3887 20 0.306 356 808 331 258 245
209 3897 20 0.305 356 811 328 255 243
209 3907 20 0.304 356 814 338 272 252
209 3917 20 0.304 356 817 459 382 340
209 3927 20 0.305 358 818 957 863 696
209 3937 20 0.306 361 818 947 899 801
209 3947 20 0.307 363 819 952 704 299
209 3957 20 0.307 364 821 862 549 450
209 3967 20 0.309 367 821 955 937 893
209 3977 20 0.311 370 821 952 921 876
209 3987 20 0.312 372 822 903 735 597
209 3997 20 0.311 372 825 343 266 252
209 4007 20 0.31 372 828 540 268 249
209 4017 20 0.311 374 829 952 935 680
209 4027 20 0.311 375 831 881 700 505
209 4037 20 0.31 375 834 343 265 252
209 4047 20 0.31 375 837 340 263 251
209 4057 20 0.309 375 840 340 265 252
209 4067 20 0.308 375 843 492 578 686
209 4077 20 0.31 378 843 958 952 940
209 4087 20 0.311 381 843 954 921 905
209 4097 20 0.312 383 844 960 849 695
209 4107 20 0.312 383 847 354 262 247
209 4117 20 0.311 383 850 336 273 247
209 4127 20 0.31 383 853 336 261 247
209 4138 20 0.309 383 856 337 266 248
209 4148 20 0.309 383 859 333 259 244
209 4158 20 0.308 383 862 326 257 246
209 4168 20 0.307 383 865 324 257 245
209 4178 20 0.306 383 868 338 261 247
209 4188 20 0.306 383 871 341 263 250
209 4198 20 0.305 383 874 343 261 250
209 4208 20 0.305 384 876 335 545 824
209 4218 20 0.304 384 879 340 335 443
209 4228 20 0.303 384 882 332 258 246
209 4238 20 0.303 384 885 332 258 248
209 4248 20 0.302 384 888 334 261 247
209 4258 20 0.301 384 891 329 255 243
209 4268 20 0.301 384 894 323 341 508
209 4278 20 0.302 387 894 826 933 846
209 4288 21 0.304 390 894 956 933 881
209 4298 21 0.306 393 894 928 872 833
209 4308 21 0.307 396 894 952 949 944
209 4318 21 0.309 399 894 951 936 904
209 4328 21 0.31 402 894 953 947 933
209 4338 21 0.312 405 894 926 891 845
209 4348 21 0.311 405 897 348 334 415
209 4358 21 0.31 405 900 349 265 253
209 4368 21 0.31 405 903 337 262 250
209 4378 21 0.309 405 906 337 261 250
209 4389 21 0.308 405 909 342 264 251
209 4399 21 0.308 405 912 340 259 243
209 4409 21 0.307 405 915 330 249 236
209 4419 21 0.306 405 918 330 255 243
209 4429 21 0.306 405 921 319 249 241
209 4439 22 0.305 405 924 323 249 239
209 4449 22 0.304 405 927 341 264 250
209 4459 22 0.304 405 930 339 263 249
209 4469 22 0.303 405 933 328 257 242
209 4479 22 0.302 405 936 327 253 241
209 4489 22 0.301 405 939 331 258 246
209 4499 22 0.301 405 942 335 261 247
209 4509 22 0.3 405 945 492 359 263
209 4519 22 0.301 407 946 955 724 278
209 4529 22 0.3 407 949 567 254 241
209 4539 22 0.3 407 952 336 259 245
209 4549 22 0.301 410 952 952 865 736
209 4560 22 0.303 413 952 950 925 907
209 4570 22 0.304 416 952 955 937 850
209 4580 22 0.304 416 955 499 339 252
209 4590 22 0.303 416 958 539 267 249
209 4600 22 0.304 418 959 950 839 476
209 4610 22 0.304 419 961 837 700 537
209 4620 22 0.303 419 964 342 264 251
209 4630 22 0.302 419 967 341 265 252
209 4640 22 0.302 419 970 341 265 251
209 4650 22 0.301 419 973 494 265 252
209 4660 22 0.301 420 975 960 685 253
209 4670 22 0.301 420 978 520 284 249
209 4680 22 0.3 420 981 336 260 248
209 4690 22 0.299 420 984 339 263 249
209 4700 22 0.299 420 987 331 257 244
209 4710 22 0.298 420 990 324 252 241
209 4720 22 0.297 420 993 336 261 250
209 4730 22 0.297 420 996 335 260 247
209 4740 22 0.296 420 999 334 256 240
209 4750 22 0.296 420 1002 324 249 237
209 4760 22 0.295 420 1005 339 264 251
209 4770 22 0.294 420 1008 336 261 249
209 4781 22 0.294 420 1011 336 261 250
209 4791 23 0.293 420 1014 342 270 259
209 4801 23 0.292 420 1017 339 261 250
209 4811 23 0.292 420 1020 340 262 250
209 4821 23 0.291 420 1023 342 264 250
209 4831 23 0.291 420 1026 333 260 248
209 4841 23 0.29 420 1029 321 250 242
209 4851 23 0.289 420 1032 325 270 249
209 4861 23 0.289 420 1035 337 260 247
209 4871 23 0.288 420 1038 329 251 237
209 4881 23 0.288 420 1041 338 263 249
209 4891 23 0.287 420 1044 341 267 252
209 4901 23 0.286 420 1047 341 264 253
209 4911 23 0.286 420 1050 335 261 249
209 4921 23 0.285 420 1053 334 259 246
209 4931 23 0.285 420 1056 334 259 245
209 4941 23 0.284 420 1059 438 344 243
209 4951 23 0.286 423 1059 956 947 838
209 4961 23 0.287 426 1059 956 944 871
209 4971 23 0.288 429 1059 946 894 825
209 4981 23 0.289 430 1061 899 686 536
209 4991 24 0.288 430 1064 340 260 247
209 5001 24 0.287 430 1067 339 262 249
209 5012 24 0.287 430 1070 343 265 252
209 5022 24 0.288 432 1071 810 721 645
209 5032 24 0.289 435 1071 955 951 937
209 5042 24 0.29 438 1071 956 952 944
209 5052 24 0.29 439 1073 715 522 346
209 5062 24 0.29 439 1076 342 267 253
209 5072 24 0.289 439 1079 343 264 246
209 5082 24 0.289 439 1082 340 264 251
209 5092 24 0.29 441 1083 676 702 746
209 5102 24 0.291 444 1083 958 944 860
209 5113 24 0.291 445 1085 780 485 252
209 5123 24 0.29 445 1088 341 262 249
209 5133 24 0.29 445 1091 338 262 249
209 5143 25 0.289 445 1094 336 260 247
209 5153 25 0.289 445 1097 331 256 243
209 5163 25 0.288 445 1100 321 248 237
209 5173 25 0.288 445 1103 331 254 241
209 5183 25 0.287 445 1106 324 250 240
209 5193 25 0.286 445 1109 331 257 252
209 5203 25 0.286 445 1112 324 253 251
209 5213 25 0.286 446 1114 338 635 822
209 5223 25 0.287 449 1114 880 939 877
209 5233 25 0.289 452 1114 956 941 929
209 5243 25 0.29 455 1114 955 951 934
209 5253 25 0.291 458 1114 949 936 919
209 5263 25 0.293 461 1114 951 948 934
209 5273 25 0.294 464 1114 950 949 940
209 5283 25 0.294 465 1116 439 641 773
209 5293 26 0.294 465 1119 342 263 251
209 5303 26 0.293 465 1122 340 265 251
209 5313 26 0.293 465 1125 338 260 247
209 5323 26 0.292 465 1128 335 253 242
209 5333 26 0.291 465 1131 327 254 244
209 5343 26 0.291 465 1134 328 254 242
209 5353 26 0.29 465 1137 333 259 247
209 5363 26 0.29 465 1140 330 255 244
209 5373 26 0.289 465 1143 614 597 617
209 5384 26 0.291 468 1143 959 954 941
209 5394 26 0.292 471 1143 958 953 929
209 5404 26 0.293 473 1144 595 762 945
209 5414 26 0.292 473 1147 340 264 318
209 5424 26 0.293 476 1147 703 822 924
209 5434 26 0.295 479 1147 946 898 843
209 5444 27 0.296 482 1147 927 880 832
209 5454 27 0.296 483 1149 385 597 803
209 5464 27 0.297 486 1149 952 935 921
209 5474 27 0.299 489 1149 945 909 894
209 5484 27 0.3 492 1149 958 952 925
209 5494 27 0.3 493 1151 710 626 549
209 5504 27 0.299 493 1154 340 276 252
209 5514 27 0.299 493 1157 340 266 253
209 5524 27 0.298 493 1160 338 262 250
209 5534 27 0.298 493 1163 327 253 241
209 5544 27 0.297 493 1166 603 597 659
209 5554 27 0.299 496 1166 949 905 828
209 5564 27 0.3 499 1166 948 904 866
209 5574 27 0.301 502 1166 948 941 922
209 5584 27 0.302 505 1166 785 880 884
209 5594 27 0.302 505 1169 340 269 374
209 5604 27 0.301 505 1172 339 263 251
209 5614 27 0.301 505 1175 337 261 249
209 5624 27 0.3 505 1178 357 257 248
209 5635 27 0.3 506 1180 716 261 252
209 5645 27 0.3 506 1183 344 266 251
209 5655 27 0.299 506 1186 343 265 251
209 5665 27 0.299 506 1189 339 264 252
209 5675 27 0.298 506 1192 340 264 252
209 5685 27 0.298 506 1195 336 261 247
209 5695 27 0.297 506 1198 329 254 242
209 5705 27 0.297 506 1201 322 249 236
209 5715 27 0.296 506 1204 327 252 239
209 5725 27 0.296 506 1207 544 433 396
209 5735 27 0.296 507 1209 923 480 271
209 5745 28 0.296 509 1210 932 836 640
209 5755 28 0.297 512 1210 950 902 842
209 5765 28 0.298 514 1211 914 807 671
209 5775 28 0.298 515 1213 945 599 292
209 5785 28 0.299 518 1213 957 880 768
209 5795 28 0.301 521 1213 955 939 935
209 5805 28 0.302 524 1213 955 924 887
209 5815 28 0.303 527 1213 955 928 902
209 5825 28 0.302 527 1216 448 546 366
209 5835 28 0.302 527 1219 333 259 246
209 5845 28 0.301 527 1222 332 257 245
209 5855 28 0.301 527 1225 328 252 239
209 5865 28 0.3 527 1228 482 453 482
209 5875 28 0.302 530 1228 960 955 948
209 5885 28 0.303 533 1228 960 956 950
209 5895 28 0.304 536 1228 811 874 924
209 5905 28 0.303 536 1231 332 256 319
209 5915 28 0.303 536 1234 334 259 247
209 5925 28 0.302 536 1237 332 258 247
209 5935 28 0.302 536 1240 330 256 245
209 5946 28 0.301 536 1243 340 262 252
209 5956 28 0.301 536 1246 340 266 251
209 5966 28 0.3 536 1249 337 260 248
209 5976 28 0.3 536 1252 340 263 250
209 5986 29 0.299 536 1255 340 263 251
209 5996 29 0.299 536 1258 339 263 249
209 6006 29 0.298 536 1261 328 253 241
209 6016 29 0.298 536 1264 324 249 238
209 6026 29 0.297 536 1267 325 253 243
209 6036 29 0.297 536 1270 329 258 246
209 6046 29 0.296 536 1273 335 258 299
209 6056 29 0.298 539 1273 828 889 877
209 6066 29 0.299 542 1273 958 953 936
209 6076 29 0.3 545 1273 959 949 940
209 6086 29 0.301 548 1273 957 950 935
209 6096 29 0.302 551 1273 960 954 943
209 6106 29 0.303 554 1273 959 952 926
209 6116 29 0.304 557 1273 959 949 919
209 6126 29 0.306 560 1273 957 941 932
209 6137 29 0.307 563 1273 956 929 857
209 6147 29 0.307 564 1275 925 617 344
209 6157 29 0.306 564 1278 410 264 252
209 6167 29 0.306 564 1281 338 263 253
209 6177 29 0.305 564 1284 340 264 253
209 6187 29 0.305 564 1287 339 264 250
209 6197 29 0.304 564 1290 340 263 251
209 6208 29 0.304 564 1293 342 264 251
209 6218 29 0.303 564 1296 336 262 250
209 6228 30 0.303 564 1299 340 263 251
209 6238 30 0.302 564 1302 338 259 245
209 6248 30 0.302 564 1305 333 258 249
209 6258 30 0.301 564 1308 334 259 248
209 6268 30 0.301 564 1311 328 254 244
209 6278 30 0.3 564 1314 328 253 241
209 6288 30 0.3 564 1317 329 254 242
209 6298 30 0.299 564 1320 329 257 247
209 6309 30 0.299 564 1323 330 256 243
209 6319 30 0.299 564 1326 341 258 246
209 6329 30 0.298 564 1329 681 279 246
209 6339 31 0.298 564 1332 394 256 246
209 6349 31 0.297 564 1335 333 256 246
209 6359 31 0.297 564 1338 335 261 248
209 6370 31 0.296 564 1341 406 266 251
209 6380 31 0.297 566 1342 958 703 246
209 6390 31 0.296 566 1345 638 266 252
209 6400 31 0.296 566 1348 341 264 251
209 6410 31 0.295 566 1351 340 262 248
209 6421 31 0.295 566 1354 338 262 250
209 6431 31 0.294 566 1357 339 414 592
209 6441 31 0.296 569 1357 939 956 947
209 6451 31 0.296 571 1358 958 915 659
209 6461 31 0.296 571 1361 405 276 246
209 6471 31 0.295 571 1364 336 257 245
209 6481 31 0.295 571 1367 333 260 247
209 6491 31 0.294 571 1370 334 260 250
209 6501 31 0.294 571 1373 332 269 244
209 6511 31 0.293 571 1376 323 250 243
209 6521 31 0.293 571 1379 323 252 246
209 6531 31 0.292 571 1382 332 261 248
209 6541 31 0.292 571 1385 332 271 246
209 6551 31 0.292 571 1388 339 261 247
209 6561 31 0.292 572 1390 652 675 802
209 6571 31 0.293 575 1390 959 952 936
209 6581 31 0.293 576 1392 392 643 917
209 6591 31 0.292 576 1395 336 259 261
209 6601 31 0.292 576 1398 340 265 252
209 6611 31 0.291 576 1401 333 260 248
209 6621 31 0.291 576 1404 337 260 245
209 6631 31 0.291 576 1407 343 266 253
209 6641 31 0.29 576 1410 329 252 239
209 6651 31 0.29 576 1413 324 249 237
209 6661 31 0.289 576 1416 327 252 240
209 6671 31 0.289 576 1419 330 255 243
209 6681 31 0.289 577 1421 853 659 530
209 6691 31 0.29 580 1421 949 932 828
209 6701 31 0.291 583 1421 953 945 909
209 6711 31 0.292 586 1421 954 940 922
209 6721 31 0.293 589 1421 779 903 929
209 6731 31 0.293 589 1424 336 263 342
209 6741 31 0.292 589 1427 335 261 249
209 6751 31 0.292 589 1430 336 261 251
209 6761 31 0.291 589 1433 344 265 251
209 6771 31 0.291 589 1436 341 262 248
209 6781 31 0.291 589 1439 339 262 249
209 6791 31 0.29 589 1442 341 264 251
209 6801 31 0.29 589 1445 342 265 251
209 6811 31 0.289 589 1448 344 266 251
209 6821 31 0.289 589 1451 613 582 549
209 6831 31 0.29 592 1451 926 869 840
209 6841 31 0.29 594 1452 529 743 863
209 6851 31 0.29 594 1455 332 257 354
209 6861 31 0.29 594 1458 335 261 250
209 6871 31 0.289 594 1461 339 261 249
209 6881 31 0.289 594 1464 341 263 252
209 6891 31 0.288 594 1467 325 252 242
209 6901 31 0.288 594 1470 333 259 247
209 6911 31 0.287 594 1473 336 261 247
209 6921 31 0.288 595 1475 916 689 451
209 6931 31 0.289 598 1475 958 952 940
209 6941 31 0.29 601 1475 954 918 870
209 6951 31 0.291 604 1475 954 923 888
