ID TIME BLK ESTIMATE W B S1 S2 S3
224 341 3 0.375 1 2 281 365 952
224 9 3 0.357 2 4 741 342 255
224 19 3 0.25 2 7 356 285 228
224 29 3 0.192 2 10 282 284 228
224 39 3 0.156 2 13 415 387 300
224 49 3 0.289 5 13 957 963 951
224 59 3 0.386 8 13 956 962 951
224 69 3 0.46 11 13 958 963 952
224 79 3 0.411 11 16 372 466 488
224 89 3 0.371 11 19 276 281 227
224 99 3 0.338 11 22 272 277 226
224 109 3 0.311 11 25 267 273 220
224 119 3 0.287 11 28 272 279 226
224 129 3 0.267 11 31 265 267 216
224 139 3 0.25 11 34 251 253 208
224 149 3 0.235 11 37 263 267 218
224 159 3 0.221 11 40 268 274 223
224 169 3 0.209 11 43 273 279 225
224 179 3 0.198 11 46 271 275 222
224 189 3 0.189 11 49 275 280 225
224 199 3 0.18 11 52 275 277 226
224 209 3 0.172 11 55 273 276 224
224 219 3 0.164 11 58 270 273 222
224 229 3 0.158 11 61 269 275 223
224 239 3 0.151 11 64 272 277 222
224 250 3 0.146 11 67 272 277 225
224 260 3 0.14 11 70 268 276 222
224 270 3 0.135 11 73 271 275 220
224 280 3 0.131 11 76 263 264 212
224 290 3 0.126 11 79 265 271 219
224 300 3 0.122 11 82 282 284 228
224 310 3 0.119 11 85 360 392 359
224 320 3 0.145 14 85 954 958 713
224 330 3 0.17 17 85 955 962 750
224 340 3 0.193 20 85 961 963 954
224 350 3 0.216 23 85 949 957 766
224 360 3 0.237 26 85 958 962 940
224 370 3 0.257 29 85 960 963 953
224 380 3 0.275 32 85 958 961 938
224 390 3 0.285 34 86 956 716 412
224 400 3 0.302 37 86 952 961 897
224 410 3 0.311 39 87 956 962 462
224 420 3 0.304 39 90 607 514 233
224 430 3 0.297 39 93 279 283 231
224 440 3 0.29 39 96 275 280 227
224 450 3 0.284 39 99 274 280 409
224 460 3 0.292 41 100 546 879 952
224 470 3 0.3 43 101 606 728 799
224 480 3 0.294 43 104 269 274 330
224 490 5 0.288 43 107 273 278 370
224 500 5 0.282 43 110 274 280 223
224 510 5 0.277 43 113 273 281 226
224 521 5 0.272 43 116 273 277 226
224 531 5 0.267 43 119 272 276 224
224 541 5 0.262 43 122 272 278 222
224 551 5 0.257 43 125 276 282 230
224 561 5 0.259 44 127 274 280 709
224 571 5 0.254 44 130 274 294 511
224 581 5 0.25 44 133 271 276 224
224 591 5 0.246 44 136 274 278 224
224 601 5 0.242 44 139 269 276 225
224 611 5 0.238 44 142 261 266 214
224 621 5 0.234 44 145 253 258 332
224 631 5 0.236 45 147 532 692 918
224 641 6 0.247 48 147 950 958 907
224 651 6 0.259 51 147 951 958 928
224 661 6 0.27 54 147 955 949 951
224 671 6 0.266 54 150 373 375 579
224 681 6 0.262 54 153 279 283 230
224 691 6 0.258 54 156 275 280 226
224 701 6 0.255 54 159 276 280 226
224 711 6 0.251 54 162 659 426 223
224 721 6 0.248 54 165 271 274 223
224 731 6 0.244 54 168 270 272 220
224 741 6 0.241 54 171 266 269 304
224 751 6 0.238 54 174 275 278 354
224 762 6 0.235 54 177 273 463 598
224 772 6 0.245 57 177 705 964 954
224 782 7 0.254 60 177 847 964 948
224 792 7 0.251 60 180 275 295 366
224 802 7 0.248 60 183 275 280 227
224 812 7 0.245 60 186 275 282 226
224 822 7 0.242 60 189 271 276 224
224 832 7 0.239 60 192 270 275 223
224 842 7 0.236 60 195 271 386 434
224 852 7 0.245 63 195 922 940 722
224 862 7 0.246 64 197 907 605 221
224 872 7 0.243 64 200 269 274 221
224 882 7 0.241 64 203 277 282 227
224 892 7 0.238 64 206 269 275 223
224 902 7 0.235 64 209 398 260 213
224 912 7 0.24 66 210 948 820 480
224 922 7 0.237 66 213 668 553 261
224 932 7 0.235 66 216 275 279 226
224 942 7 0.233 66 219 275 281 227
224 952 7 0.23 66 222 270 276 224
224 962 7 0.228 66 225 274 279 226
224 972 7 0.225 66 228 278 287 228
224 983 7 0.223 66 231 276 280 227
224 993 8 0.221 66 234 273 282 227
224 1003 8 0.219 66 237 273 277 225
224 1013 8 0.217 66 240 269 274 225
224 1023 8 0.215 66 243 266 273 223
224 1033 8 0.212 66 246 271 278 225
224 1043 8 0.21 66 249 274 279 226
224 1053 8 0.208 66 252 273 277 226
224 1063 8 0.207 66 255 273 278 226
224 1073 8 0.205 66 258 274 279 226
224 1083 8 0.203 66 261 276 280 226
224 1093 8 0.201 66 264 310 278 226
224 1103 8 0.199 66 267 274 279 227
224 1113 8 0.197 66 270 273 279 226
224 1123 8 0.196 66 273 276 279 226
224 1133 8 0.194 66 276 679 471 226
224 1143 9 0.201 69 276 958 961 816
224 1153 9 0.208 72 276 956 962 949
224 1163 9 0.214 75 276 959 962 829
224 1173 9 0.221 78 276 959 962 888
224 1184 9 0.225 80 277 789 715 554
224 1194 9 0.223 80 280 276 282 228
224 1204 9 0.221 80 283 276 285 437
224 1214 9 0.225 82 284 266 706 946
224 1224 9 0.223 82 287 275 299 310
224 1234 9 0.221 82 290 273 279 226
224 1244 9 0.219 82 293 273 277 226
224 1254 9 0.218 82 296 269 273 223
224 1264 9 0.216 82 299 273 278 225
224 1274 9 0.214 82 302 270 276 225
224 1284 9 0.213 82 305 272 277 226
224 1294 8 0.211 82 308 268 275 225
224 1304 8 0.209 82 311 273 281 226
224 1314 8 0.208 82 314 272 278 225
224 1324 8 0.206 82 317 260 264 216
224 1334 8 0.205 82 320 263 270 222
224 1344 8 0.203 82 323 268 274 223
224 1354 8 0.202 82 326 335 359 322
224 1364 8 0.208 85 326 960 963 948
224 1374 8 0.213 88 326 959 962 777
224 1384 8 0.217 90 327 961 754 235
224 1394 8 0.217 91 329 764 294 227
224 1404 8 0.221 93 330 958 854 258
224 1414 8 0.226 96 330 960 889 777
224 1424 8 0.224 96 333 527 289 227
224 1434 9 0.23 99 333 956 961 838
224 1444 9 0.235 102 333 955 961 952
224 1455 9 0.24 105 333 955 961 951
224 1465 9 0.245 108 333 819 961 937
224 1475 9 0.244 108 336 273 348 234
224 1485 9 0.242 108 339 273 278 226
224 1495 9 0.241 108 342 273 279 225
224 1505 9 0.239 108 345 350 413 458
224 1515 9 0.244 111 345 959 961 882
224 1525 9 0.245 112 347 956 678 337
224 1535 9 0.243 112 350 286 280 226
224 1545 9 0.241 112 353 271 277 225
224 1555 9 0.24 112 356 273 279 224
224 1565 9 0.238 112 359 273 280 224
224 1575 9 0.237 112 362 275 278 225
224 1585 9 0.235 112 365 272 274 223
224 1595 9 0.234 112 368 265 273 223
224 1605 9 0.232 112 371 273 274 224
224 1616 9 0.231 112 374 262 269 220
224 1626 9 0.23 112 377 382 422 412
224 1636 9 0.234 115 377 959 963 952
224 1646 9 0.239 118 377 939 952 867
224 1656 9 0.243 121 377 960 963 952
224 1666 9 0.248 124 377 956 960 906
224 1676 9 0.252 127 377 951 955 915
224 1686 9 0.255 129 378 948 955 636
224 1697 9 0.255 130 380 958 521 232
224 1707 9 0.254 130 383 332 284 228
224 1717 9 0.258 133 383 894 852 751
224 1727 9 0.263 136 383 959 964 952
224 1737 9 0.267 139 383 946 958 908
224 1748 9 0.271 142 383 959 962 945
224 1758 9 0.275 145 383 958 960 935
224 1768 9 0.279 148 383 955 960 909
224 1778 9 0.283 151 383 934 942 842
224 1788 9 0.287 154 383 954 959 898
224 1798 9 0.291 157 383 960 962 937
224 1808 9 0.295 160 383 961 963 949
224 1818 9 0.299 163 383 951 957 863
224 1829 9 0.303 166 383 952 959 884
224 1839 10 0.307 169 383 960 964 953
224 1849 10 0.31 172 383 961 964 951
224 1859 10 0.314 175 383 961 964 954
224 1869 10 0.318 178 383 951 959 890
224 1879 10 0.321 181 383 940 956 840
224 1889 10 0.325 184 383 951 958 885
224 1899 10 0.328 187 383 950 956 858
224 1910 10 0.332 190 383 900 918 712
224 1920 10 0.334 192 384 814 850 617
224 1930 10 0.335 194 385 752 793 580
224 1940 10 0.337 196 386 719 758 566
224 1950 10 0.339 198 387 830 845 696
224 1960 10 0.342 201 387 949 957 899
224 1970 10 0.345 204 387 947 959 912
224 1980 10 0.349 207 387 944 956 864
224 1990 11 0.35 209 388 621 856 824
224 2000 11 0.349 209 391 271 275 322
224 2010 11 0.347 209 394 265 306 442
224 2020 11 0.347 210 396 279 663 766
224 2030 11 0.345 210 399 271 279 227
224 2040 11 0.343 210 402 270 279 227
224 2050 11 0.342 210 405 436 554 665
224 2061 11 0.345 213 405 959 962 930
224 2071 11 0.348 216 405 956 961 908
224 2081 11 0.351 219 405 962 965 953
224 2091 11 0.354 222 405 960 964 946
224 2101 11 0.356 224 406 392 947 935
224 2111 11 0.354 224 409 277 327 662
224 2121 11 0.352 224 412 277 281 229
224 2131 12 0.351 224 415 278 283 230
224 2142 12 0.349 224 418 649 604 513
224 2152 12 0.352 227 418 952 960 844
224 2162 12 0.355 230 418 947 957 940
224 2172 12 0.358 233 418 951 960 949
224 2182 12 0.361 236 418 740 911 950
224 2192 12 0.359 236 421 281 285 318
224 2202 12 0.358 236 424 270 276 223
224 2212 12 0.356 236 427 274 279 226
224 2222 12 0.355 236 430 269 277 225
224 2232 12 0.353 236 433 275 280 226
224 2243 12 0.351 236 436 274 280 226
224 2253 12 0.35 236 439 273 279 226
224 2263 12 0.348 236 442 274 280 227
224 2273 12 0.347 236 445 273 277 225
224 2283 12 0.345 236 448 271 277 225
224 2293 12 0.344 236 451 270 274 225
224 2303 12 0.342 236 454 269 286 224
224 2313 12 0.341 236 457 268 272 222
224 2323 12 0.339 236 460 274 277 224
224 2333 12 0.338 236 463 274 280 226
224 2343 12 0.336 236 466 270 278 225
224 2353 12 0.335 236 469 270 278 223
224 2363 12 0.335 237 471 716 613 262
224 2373 12 0.338 240 471 958 962 918
224 2383 12 0.341 243 471 960 964 953
224 2393 12 0.343 246 471 959 963 952
224 2403 12 0.346 249 471 960 963 953
224 2413 12 0.349 252 471 959 962 938
224 2423 12 0.351 255 471 945 955 925
224 2433 12 0.354 258 471 954 961 950
224 2443 12 0.354 259 473 882 417 405
224 2453 12 0.353 259 476 283 285 230
224 2464 12 0.351 259 479 277 281 227
224 2474 12 0.35 259 482 639 537 387
224 2484 12 0.352 262 482 956 961 950
224 2494 12 0.355 265 482 957 962 950
224 2504 12 0.358 268 482 942 963 806
224 2514 12 0.356 268 485 274 365 229
224 2524 12 0.355 268 488 273 279 227
224 2534 12 0.353 268 491 274 279 227
224 2544 12 0.352 268 494 271 276 223
224 2554 12 0.351 268 497 264 269 219
224 2564 12 0.349 268 500 268 273 222
224 2574 12 0.348 268 503 273 278 226
224 2584 13 0.346 268 506 274 277 225
224 2594 14 0.345 268 509 272 276 225
224 2604 14 0.344 268 512 271 275 223
224 2614 14 0.342 268 515 271 276 223
224 2625 14 0.341 268 518 268 274 224
224 2635 14 0.34 268 521 272 278 226
224 2645 14 0.339 268 524 272 278 225
224 2655 14 0.337 268 527 274 279 230
224 2665 14 0.336 268 530 271 281 231
224 2675 14 0.335 268 533 273 282 227
224 2685 14 0.334 268 536 272 276 223
224 2695 14 0.332 268 539 272 279 226
224 2705 14 0.331 268 542 273 278 226
224 2715 14 0.33 268 545 270 275 223
224 2725 14 0.329 268 548 260 334 436
224 2735 14 0.331 271 548 821 960 946
224 2745 14 0.334 274 548 953 961 947
224 2755 14 0.336 277 548 953 958 913
224 2766 14 0.338 280 548 926 937 832
224 2776 14 0.338 281 550 824 484 232
224 2786 14 0.337 281 553 283 286 229
224 2796 14 0.336 281 556 277 280 226
224 2806 14 0.336 282 558 758 692 570
224 2816 14 0.338 285 558 956 962 951
224 2826 14 0.341 288 558 955 961 950
224 2836 14 0.342 290 559 698 788 835
224 2846 14 0.341 290 562 277 281 227
224 2856 14 0.339 290 565 274 278 224
224 2866 14 0.338 290 568 274 277 225
224 2876 14 0.337 290 571 271 275 223
224 2886 14 0.336 290 574 402 345 226
224 2896 14 0.336 291 576 959 532 228
224 2906 14 0.335 291 579 330 282 225
224 2916 14 0.334 291 582 271 276 223
224 2926 14 0.332 291 585 269 274 222
224 2936 14 0.331 291 588 271 277 221
224 2947 14 0.33 291 591 275 279 224
224 2957 14 0.329 291 594 271 274 225
224 2967 14 0.328 291 597 259 266 221
224 2977 14 0.327 291 600 270 278 226
224 2987 14 0.326 291 603 266 269 218
224 2997 14 0.325 291 606 266 271 220
224 3007 14 0.324 291 609 269 276 223
224 3017 14 0.322 291 612 274 277 268
224 3027 14 0.324 293 613 659 844 951
224 3037 14 0.326 296 613 959 963 951
224 3047 14 0.328 299 613 959 962 950
224 3057 14 0.33 302 613 959 963 949
224 3067 14 0.332 305 613 959 963 949
224 3077 14 0.332 306 615 954 588 440
224 3087 14 0.331 306 618 331 288 230
224 3098 14 0.33 306 621 275 281 227
224 3108 14 0.329 306 624 261 374 536
224 3118 14 0.331 309 624 907 836 706
224 3128 14 0.334 312 624 956 862 798
224 3138 14 0.336 315 624 957 961 941
224 3148 14 0.338 318 624 958 962 947
224 3158 14 0.337 318 627 469 398 240
224 3168 14 0.336 318 630 271 276 224
224 3179 14 0.335 318 633 269 274 223
224 3189 16 0.334 318 636 277 287 233
224 3199 16 0.334 319 638 272 458 723
224 3209 16 0.332 319 641 292 569 612
224 3219 16 0.331 319 644 275 279 226
224 3230 16 0.33 319 647 274 280 226
224 3240 17 0.329 319 650 268 274 223
224 3250 17 0.328 319 653 270 276 224
224 3260 17 0.327 319 656 274 280 227
224 3270 17 0.326 319 659 272 277 225
224 3280 17 0.325 319 662 272 277 224
224 3290 17 0.324 319 665 260 266 216
224 3300 17 0.323 319 668 266 272 221
224 3310 17 0.322 319 671 274 277 226
224 3321 17 0.321 319 674 275 279 227
224 3331 17 0.32 319 677 277 288 234
224 3341 17 0.32 319 680 276 280 226
224 3351 17 0.319 319 683 265 272 222
224 3361 17 0.318 319 686 274 279 225
224 3371 17 0.317 319 689 266 269 218
224 3381 18 0.316 319 692 260 265 215
224 3391 18 0.315 319 695 258 265 217
224 3402 18 0.314 319 698 258 262 217
224 3412 18 0.313 319 701 276 280 226
224 3422 18 0.312 319 704 274 281 226
224 3432 18 0.311 319 707 271 279 222
224 3442 18 0.31 319 710 273 278 226
224 3452 18 0.309 319 713 274 279 226
224 3462 18 0.308 319 716 273 277 224
224 3472 18 0.308 319 719 273 276 224
224 3482 18 0.307 319 722 266 271 221
224 3492 18 0.306 319 725 266 272 221
224 3502 18 0.305 319 728 272 277 225
224 3512 18 0.304 319 731 270 275 224
224 3522 18 0.303 319 734 274 278 225
224 3532 19 0.302 319 737 274 279 226
224 3542 19 0.301 319 740 275 279 227
224 3552 19 0.301 319 743 272 277 225
224 3562 19 0.3 319 746 269 270 218
224 3572 19 0.299 319 749 267 271 220
224 3582 19 0.298 319 752 275 278 224
224 3592 19 0.298 320 754 769 410 225
224 3603 19 0.3 323 754 958 962 899
224 3613 19 0.302 326 754 957 961 933
224 3623 19 0.304 329 754 958 962 950
224 3633 19 0.305 331 755 865 720 573
224 3643 19 0.304 331 758 276 282 228
224 3653 19 0.303 331 761 276 287 233
224 3663 19 0.302 331 764 277 280 225
224 3673 19 0.302 331 767 274 278 227
224 3683 19 0.301 331 770 274 280 226
224 3693 19 0.3 331 773 267 273 223
224 3703 19 0.299 331 776 278 281 225
224 3713 19 0.298 331 779 276 278 224
224 3723 19 0.298 331 782 272 276 223
224 3733 19 0.297 331 785 272 278 223
224 3743 19 0.296 331 788 267 270 219
224 3753 19 0.295 331 791 262 267 216
224 3763 19 0.294 331 794 274 277 224
224 3773 19 0.294 331 797 269 272 220
224 3783 19 0.293 331 800 328 281 227
224 3793 19 0.295 334 800 958 931 761
224 3803 19 0.295 335 802 838 686 471
224 3813 19 0.294 335 805 281 284 228
224 3823 19 0.293 335 808 281 287 227
224 3833 19 0.293 335 811 275 278 225
224 3843 19 0.292 335 814 269 274 224
224 3853 19 0.291 335 817 270 276 521
224 3863 19 0.29 335 820 274 281 227
224 3873 19 0.289 335 823 273 279 226
224 3883 19 0.289 335 826 269 274 223
224 3893 19 0.288 335 829 273 279 225
224 3903 19 0.287 335 832 274 281 227
224 3913 19 0.287 335 835 272 276 226
224 3923 19 0.286 335 838 271 276 223
224 3933 19 0.285 335 841 268 273 219
224 3943 19 0.284 335 844 274 280 226
224 3953 19 0.284 335 847 273 282 226
224 3963 19 0.283 335 850 268 274 222
224 3973 19 0.282 335 853 271 277 225
224 3984 19 0.281 335 856 276 280 226
224 3994 19 0.281 335 859 274 285 225
224 4004 19 0.28 335 862 270 276 223
224 4014 19 0.279 335 865 261 270 219
224 4024 19 0.279 335 868 259 263 311
224 4034 19 0.28 337 869 342 712 947
224 4044 19 0.281 340 869 956 961 939
224 4054 19 0.283 343 869 946 958 917
224 4064 19 0.285 346 869 949 957 908
224 4074 19 0.287 349 869 951 958 909
224 4084 19 0.288 351 870 943 744 316
224 4094 19 0.287 351 873 499 289 230
224 4104 19 0.286 351 876 281 283 226
224 4114 19 0.286 352 878 788 629 350
224 4124 19 0.288 355 878 955 960 926
224 4134 19 0.29 358 878 950 959 933
224 4144 19 0.292 361 878 951 959 948
224 4154 19 0.293 364 878 776 884 949
224 4164 19 0.293 364 881 281 285 245
224 4174 19 0.292 364 884 275 280 227
224 4184 19 0.291 364 887 269 277 223
224 4194 19 0.29 364 890 270 273 221
224 4204 19 0.29 364 893 274 280 226
224 4214 19 0.289 364 896 273 279 226
224 4224 19 0.288 364 899 276 280 226
224 4234 19 0.288 364 902 272 279 226
224 4244 19 0.287 364 905 272 278 224
224 4254 19 0.286 364 908 268 272 223
224 4264 19 0.286 364 911 272 280 226
224 4274 19 0.285 364 914 274 281 225
224 4284 19 0.284 364 917 271 277 225
224 4294 19 0.284 364 920 261 270 223
224 4304 19 0.283 364 923 269 275 224
224 4314 19 0.282 364 926 266 274 224
224 4324 19 0.282 364 929 276 280 226
224 4335 19 0.281 364 932 274 277 239
224 4345 19 0.28 364 935 273 278 224
224 4355 19 0.28 364 938 274 279 226
224 4365 19 0.279 364 941 267 274 222
224 4375 19 0.278 364 944 263 269 218
224 4385 21 0.278 364 947 259 264 334
224 4395 21 0.278 365 949 310 688 907
224 4405 21 0.28 368 949 943 949 844
224 4415 21 0.281 371 949 950 955 867
224 4425 21 0.283 374 949 945 956 921
224 4436 22 0.283 375 951 559 652 717
224 4446 22 0.282 375 954 281 286 230
224 4456 22 0.282 375 957 276 281 226
224 4466 22 0.281 375 960 271 277 224
224 4476 22 0.28 375 963 276 279 225
224 4486 22 0.28 375 966 274 280 226
224 4496 22 0.279 375 969 275 280 227
224 4506 22 0.279 375 972 275 280 225
224 4516 22 0.278 375 975 273 281 228
224 4526 22 0.277 375 978 270 277 223
224 4536 22 0.277 375 981 272 279 226
224 4546 22 0.276 375 984 269 274 223
224 4556 22 0.275 375 987 270 277 225
224 4566 22 0.275 375 990 271 277 225
224 4576 22 0.274 375 993 272 278 226
224 4586 22 0.274 375 996 275 279 225
224 4596 22 0.273 375 999 274 282 226
224 4606 22 0.272 375 1002 277 283 228
224 4616 22 0.272 375 1005 276 280 227
224 4626 22 0.271 375 1008 274 279 226
224 4636 22 0.271 375 1011 271 277 224
224 4646 22 0.27 375 1014 266 274 222
224 4656 22 0.27 375 1017 269 277 223
224 4666 22 0.269 375 1020 261 272 580
224 4676 22 0.27 377 1021 278 799 875
224 4687 22 0.271 380 1021 914 956 889
224 4697 22 0.273 383 1021 957 961 938
224 4707 22 0.275 386 1021 943 952 903
224 4717 22 0.275 388 1022 944 799 490
224 4727 22 0.275 388 1025 280 285 333
224 4737 22 0.274 388 1028 276 283 228
224 4747 22 0.274 388 1031 264 270 217
224 4757 22 0.273 388 1034 245 264 213
224 4767 22 0.272 388 1037 314 312 242
224 4777 22 0.274 391 1037 954 961 946
224 4787 23 0.275 393 1038 843 843 615
224 4797 23 0.274 393 1041 270 273 217
224 4807 23 0.274 393 1044 276 280 224
224 4817 23 0.273 393 1047 276 282 226
224 4827 23 0.273 393 1050 274 280 226
224 4838 23 0.272 393 1053 274 281 226
224 4848 23 0.271 393 1056 272 278 224
224 4858 23 0.271 393 1059 273 275 218
224 4868 23 0.27 393 1062 264 271 219
224 4878 23 0.27 393 1065 267 273 221
224 4888 23 0.269 393 1068 265 275 222
224 4898 23 0.269 393 1071 271 278 226
224 4908 23 0.268 393 1074 271 278 229
224 4918 23 0.268 393 1077 624 669 643
224 4928 23 0.269 396 1077 959 963 951
224 4938 24 0.27 399 1077 959 963 952
224 4948 24 0.272 402 1077 956 961 940
224 4958 24 0.273 405 1077 959 963 952
224 4968 24 0.275 408 1077 764 962 944
224 4978 24 0.276 411 1077 946 952 896
224 4988 24 0.278 414 1077 922 941 859
224 4999 24 0.279 417 1077 943 953 925
224 5009 24 0.28 419 1078 946 954 618
224 5019 24 0.28 420 1080 820 429 225
224 5029 24 0.28 420 1083 272 281 228
224 5039 24 0.279 420 1086 278 281 227
224 5049 24 0.278 420 1089 274 278 226
224 5059 24 0.278 420 1092 276 281 226
224 5069 24 0.277 420 1095 271 276 222
224 5079 24 0.277 420 1098 267 276 225
224 5089 24 0.276 420 1101 265 281 228
224 5099 24 0.276 420 1104 262 274 223
224 5109 24 0.275 420 1107 270 271 218
224 5119 24 0.275 420 1110 262 267 216
224 5129 24 0.274 420 1113 276 286 230
224 5139 24 0.274 420 1116 277 286 227
224 5149 24 0.273 420 1119 273 276 222
224 5159 24 0.273 420 1122 251 271 219
224 5169 24 0.272 420 1125 664 632 517
224 5179 24 0.273 423 1125 960 962 945
224 5189 24 0.275 426 1125 959 962 918
224 5199 24 0.276 429 1125 958 962 928
224 5209 24 0.278 432 1125 953 959 915
224 5220 24 0.279 435 1125 959 963 950
224 5230 24 0.28 438 1125 952 959 810
224 5240 24 0.28 439 1127 953 575 231
224 5250 24 0.28 439 1130 333 286 228
224 5260 24 0.279 439 1133 292 280 224
224 5270 24 0.28 440 1135 736 327 223
224 5280 25 0.28 441 1137 725 657 224
224 5290 26 0.279 441 1140 275 282 226
224 5300 26 0.279 441 1143 275 281 226
224 5310 26 0.278 441 1146 273 278 225
224 5320 26 0.277 441 1149 275 280 226
224 5330 26 0.277 441 1152 275 280 224
224 5341 26 0.276 441 1155 598 282 223
224 5351 26 0.276 441 1158 645 560 614
224 5361 26 0.277 444 1158 867 962 949
224 5371 26 0.277 445 1160 324 557 728
224 5381 26 0.277 445 1163 272 279 225
224 5391 26 0.276 445 1166 268 275 224
224 5401 26 0.276 445 1169 266 272 220
224 5411 26 0.275 445 1172 272 278 225
224 5421 26 0.275 445 1175 273 279 226
224 5431 26 0.274 445 1178 268 274 223
224 5441 26 0.274 445 1181 266 273 222
224 5451 26 0.273 445 1184 273 280 226
224 5461 26 0.273 445 1187 275 282 227
224 5471 26 0.272 445 1190 272 280 225
224 5481 26 0.272 445 1193 271 274 221
224 5491 26 0.271 445 1196 264 269 219
224 5501 26 0.271 445 1199 273 280 226
224 5511 26 0.27 445 1202 272 279 223
224 5521 26 0.27 445 1205 273 278 224
224 5531 26 0.269 445 1208 266 272 218
224 5542 26 0.269 445 1211 266 264 211
224 5552 26 0.268 445 1214 258 264 216
224 5562 26 0.268 445 1217 251 260 215
224 5572 26 0.267 445 1220 273 279 223
224 5582 26 0.267 445 1223 275 281 223
224 5592 27 0.266 445 1226 273 279 226
224 5602 27 0.266 445 1229 267 274 220
224 5612 27 0.265 445 1232 268 273 220
224 5622 27 0.265 445 1235 269 278 224
224 5632 27 0.265 445 1238 273 277 224
224 5642 27 0.264 445 1241 273 278 226
224 5652 27 0.264 445 1244 269 276 225
224 5662 27 0.263 445 1247 262 269 219
224 5672 27 0.263 445 1250 263 268 219
224 5682 27 0.262 445 1253 268 276 225
224 5692 27 0.262 445 1256 265 272 221
224 5702 27 0.261 445 1259 262 269 219
224 5712 27 0.261 445 1262 270 278 223
224 5722 27 0.26 445 1265 273 279 224
224 5732 28 0.26 445 1268 273 278 223
224 5743 28 0.259 445 1271 269 276 222
224 5753 28 0.259 445 1274 256 261 212
224 5763 28 0.259 445 1277 272 280 226
224 5773 28 0.258 445 1280 272 277 224
224 5783 28 0.258 445 1283 262 272 222
224 5793 28 0.257 445 1286 261 270 219
224 5803 28 0.257 445 1289 271 281 227
224 5813 28 0.256 445 1292 276 282 228
224 5823 28 0.256 446 1294 270 422 739
224 5833 28 0.256 446 1297 278 281 226
224 5843 28 0.256 446 1300 273 278 223
224 5853 28 0.255 446 1303 273 279 225
224 5863 28 0.255 446 1306 263 269 218
224 5873 28 0.254 446 1309 259 499 629
224 5883 28 0.256 449 1309 912 955 869
224 5893 28 0.257 452 1309 956 960 912
224 5903 28 0.258 455 1309 940 954 885
224 5913 28 0.259 457 1310 954 961 697
224 5923 28 0.259 458 1312 729 573 231
224 5933 28 0.258 458 1315 277 282 228
224 5943 28 0.258 458 1318 274 282 228
224 5953 28 0.258 458 1321 272 484 641
224 5963 28 0.257 458 1324 277 431 476
224 5973 28 0.257 458 1327 279 278 225
224 5984 29 0.256 458 1330 287 282 227
224 5994 29 0.256 458 1333 284 282 226
224 6004 29 0.255 458 1336 273 278 224
224 6014 29 0.255 458 1339 275 281 225
224 6024 29 0.255 458 1342 274 280 225
224 6034 29 0.254 458 1345 266 273 221
224 6044 29 0.254 458 1348 268 274 220
224 6054 29 0.253 458 1351 274 278 224
224 6064 29 0.253 458 1354 276 280 225
224 6074 29 0.252 458 1357 270 272 222
224 6084 29 0.252 458 1360 268 275 223
224 6094 29 0.252 458 1363 266 273 222
224 6104 29 0.251 458 1366 271 276 223
224 6114 29 0.251 458 1369 300 506 593
224 6124 29 0.252 461 1369 956 960 909
224 6134 29 0.253 464 1369 946 957 912
224 6144 30 0.254 467 1369 948 958 936
224 6154 30 0.256 470 1369 952 959 946
224 6164 30 0.255 470 1372 435 501 396
224 6174 30 0.255 470 1375 276 281 226
224 6184 30 0.254 470 1378 275 281 226
224 6195 30 0.254 470 1381 277 281 226
224 6205 30 0.254 470 1384 275 280 225
224 6215 30 0.253 470 1387 262 274 222
224 6225 30 0.253 470 1390 258 264 219
224 6235 30 0.252 470 1393 243 267 220
224 6245 30 0.252 470 1396 264 270 220
224 6255 30 0.252 470 1399 262 265 214
224 6265 30 0.251 470 1402 256 262 214
224 6275 30 0.251 470 1405 272 280 225
224 6285 30 0.25 470 1408 276 284 228
224 6295 30 0.25 470 1411 270 273 218
224 6305 30 0.25 470 1414 265 272 219
224 6315 30 0.249 470 1417 266 274 220
224 6325 30 0.249 470 1420 543 474 354
224 6335 30 0.249 471 1422 258 496 846
224 6345 30 0.249 471 1425 271 274 236
224 6355 30 0.248 471 1428 276 283 226
224 6365 30 0.248 471 1431 275 282 227
224 6375 30 0.247 471 1434 269 280 224
224 6385 30 0.247 471 1437 275 280 225
224 6395 30 0.247 471 1440 271 277 222
224 6405 30 0.246 471 1443 637 526 327
224 6415 30 0.247 474 1443 943 953 866
224 6425 30 0.249 477 1443 948 957 928
224 6435 30 0.25 480 1443 947 958 942
224 6445 30 0.251 483 1443 950 959 947
224 6455 30 0.251 483 1446 644 604 513
224 6465 30 0.25 483 1449 281 291 226
224 6475 30 0.25 483 1452 277 282 227
224 6485 30 0.249 483 1455 274 282 228
224 6495 30 0.249 483 1458 271 279 225
224 6505 30 0.249 483 1461 265 276 225
224 6515 30 0.248 483 1464 271 276 221
224 6525 30 0.248 483 1467 267 276 222
224 6535 30 0.247 483 1470 280 282 224
224 6545 30 0.247 483 1473 266 273 219
224 6555 30 0.247 483 1476 273 283 222
224 6565 30 0.246 483 1479 269 276 223
224 6575 30 0.246 483 1482 274 282 226
224 6585 30 0.246 483 1485 274 280 223
224 6595 30 0.245 483 1488 271 275 222
224 6605 30 0.245 483 1491 270 277 223
224 6615 30 0.244 483 1494 255 397 590
224 6625 30 0.246 486 1494 777 957 911
224 6635 30 0.245 486 1497 432 519 532
224 6645 30 0.245 486 1500 261 266 216
224 6655 30 0.244 486 1503 258 277 222
224 6665 30 0.244 486 1506 274 280 225
224 6675 30 0.244 486 1509 273 280 225
224 6685 30 0.243 486 1512 260 267 216
224 6695 30 0.243 486 1515 640 283 221
224 6705 30 0.243 486 1518 274 280 227
224 6715 30 0.242 486 1521 277 281 231
224 6725 30 0.242 486 1524 273 280 226
224 6735 30 0.242 486 1527 270 277 222
224 6746 30 0.242 487 1529 725 626 458
224 6756 30 0.243 490 1529 957 960 902
224 6766 30 0.244 493 1529 960 962 943
224 6776 30 0.245 496 1529 959 961 923
224 6786 30 0.246 498 1530 943 951 670
224 6796 30 0.247 501 1530 960 963 841
224 6806 30 0.248 504 1530 944 956 851
224 6816 30 0.248 505 1532 953 555 227
224 6826 30 0.248 505 1535 540 393 238
224 6836 30 0.249 508 1535 955 961 946
224 6846 30 0.25 511 1535 951 959 948
224 6856 30 0.251 514 1535 951 959 947
224 6866 30 0.251 514 1538 609 499 321
224 6876 30 0.25 514 1541 278 281 225
224 6886 30 0.25 514 1544 262 266 215
224 6896 30 0.25 514 1547 271 277 224
224 6906 30 0.249 514 1550 273 279 225
224 6916 30 0.249 514 1553 276 280 225
224 6926 30 0.248 514 1556 275 278 224
224 6936 30 0.248 514 1559 271 274 221
224 6946 30 0.248 514 1562 272 277 223
