ID TIME BLK DETAIL
224 13 0 SETUP: Synced Time
224 15 0 SETUP: Peered to PC
224 171 2 SETUP: Smart Contract Received at Block 2
224 340 3 STARTED EXPERIMENT
224 6 3 Added 222
224 40 3 Killed 222 @ age 2.76
224 106 3 Added 209
224 255 3 Killed 209 @ age 2.01
224 331 3 Added 209
224 407 3 Added 222
224 427 3 Killed 209 @ age 2.96
224 465 3 Failed Vote. Balance: 0.01
224 513 5 Killed 222 @ age 2.71
224 593 5 Added 209
224 616 5 Killed 209 @ age 2.04
224 709 6 Added 222
224 743 6 Killed 222 @ age 2.08
224 866 7 Added 209
224 909 7 Added 222
224 910 7 Killed 209 @ age 2.75
224 956 7 Killed 222 @ age 2.33
224 990 8 Voted: 0.2231543624161074
224 994 8 Failed Vote. Balance: 20.01
224 1101 8 Added 209
224 1177 9 Killed 209 @ age 2.52
224 1234 9 Added 209
224 1278 9 Killed 209 @ age 2.09
224 1405 8 Added 209
224 1449 9 Killed 209 @ age 2.92
224 1613 9 Added 222
224 1627 9 Added 209
224 1647 9 Killed 222 @ age 2.16
224 1664 9 Killed 209 @ age 3.07
224 1744 9 Added 209
224 1918 10 Added 222
224 1971 10 Killed 209 @ age 2.05
224 2056 11 Killed 222 @ age 2.30
224 2086 11 Added 209
224 2119 11 Killed 209 @ age 2.26
224 2207 12 Added 222
224 2250 12 Killed 222 @ age 2.84
224 2258 12 Added 209
224 2314 12 Killed 209 @ age 2.66
224 2528 12 Added 209
224 2561 12 Killed 209 @ age 2.15
224 2562 12 Failed Vote. Balance: 80.01
224 2980 14 Added 209
224 3013 14 Killed 209 @ age 2.07
224 3110 14 Added 222
224 3133 14 Added 209
224 3156 14 Killed 222 @ age 2.91
224 3184 16 Voted: 0.33455882352941174
224 3186 16 Failed Vote. Balance: 40.01
224 3239 17 Killed 209 @ age 2.21
224 3330 17 Added 222
224 3354 17 Killed 222 @ age 2.06
224 3381 18 Added 209
224 3385 18 Voted: 0.3157114624505929
224 3388 18 Failed Vote. Balance: 40.01
224 3415 18 Killed 209 @ age 2.22
224 3562 19 Added 222
224 3618 19 Killed 222 @ age 2.98
224 4332 19 Added 209
224 4375 19 Killed 209 @ age 2.83
224 4432 22 Voted: 0.2828549848942598
224 4437 22 Failed Vote. Balance: 20.01
224 4463 22 Failed Vote. Balance: 20.01
224 4744 22 Added 209
224 4781 22 Added 222
224 4801 23 Killed 209 @ age 2.80
224 4828 23 Killed 222 @ age 2.71
224 4906 23 Added 222
224 4925 23 Added 209
224 4959 24 Killed 222 @ age 2.60
224 4969 24 Killed 209 @ age 2.10
224 4980 24 Added 209
224 5026 24 Killed 209 @ age 2.64
224 5256 24 Added 209
224 5285 26 Voted: 0.2796073464217859
224 5287 26 Failed Vote. Balance: 60.01
224 5313 26 Killed 209 @ age 2.05
224 5330 26 Added 209
224 5387 26 Killed 209 @ age 2.63
224 5395 26 Added 222
224 5481 26 Killed 222 @ age 2.67
224 5528 26 Added 222
224 5731 28 Voted: 0.2603740502630041
224 5732 28 Failed Vote. Balance: 20.01
224 5791 28 Killed 222 @ age 2.58
224 5817 28 Failed Vote. Balance: 20.01
224 5931 28 Added 209
224 5987 29 Killed 209 @ age 2.21
224 6064 29 Added 209
224 6117 29 Killed 209 @ age 2.85
224 6123 29 Added 209
224 6167 30 Killed 209 @ age 2.20
224 6230 30 Added 209
224 6258 30 Failed Vote. Balance: 20.01
224 6272 30 Killed 209 @ age 2.11
224 6316 30 Added 209
224 6359 30 Killed 209 @ age 2.49
224 6545 30 Added 209
224 6631 30 Killed 209 @ age 2.37
224 6638 30 Added 209
224 6708 30 Failed Vote. Balance: 20.01
224 6724 30 Killed 209 @ age 2.39
224 6734 30 Added 209
224 6767 30 Killed 209 @ age 2.12
224 6873 30 Added 209
224 6916 30 Killed 209 @ age 2.10
224 6952 30 STOPPED EXPERIMENT
