ID TIME BLK #MEETS #BLOCKS
224 261 4 4 0x39c28c2d5dd87d674c3d1dc5d8a63c2444fe7c9443e9b4f9533946f48e2f1188 0x99663aae36082e8f6cce34eb68ad6c5d73564747941f1f9b6e938b0499e085a9 1 7 923 3 0
224 492 5 5 0x0c4642f40b7e4c34393b60197b72ddbcf3eec725c062f7121676b54aff8b2b7b 0x39c28c2d5dd87d674c3d1dc5d8a63c2444fe7c9443e9b4f9533946f48e2f1188 1 8 818 2 0
224 619 6 6 0x6b37145c7ffe91c56798f066c2a854954d922d3f6d4f234d40b80759d8a6929c 0x0c4642f40b7e4c34393b60197b72ddbcf3eec725c062f7121676b54aff8b2b7b 2 10 606 0 0
224 703 7 7 0x0b6a58eb9427daecc45d060349c2606689cc579a18d3d71f3767234ef73c8e61 0x6b37145c7ffe91c56798f066c2a854954d922d3f6d4f234d40b80759d8a6929c 2 12 1317 6 0
224 1378 11 8 0x19e4a7e4fd31dc1dbb6036e71d0fdd1382d6243c9b99ca0f59f9acf434832aa3 0x0b6a58eb9427daecc45d060349c2606689cc579a18d3d71f3767234ef73c8e61 2 14 606 0 0
224 1398 11 9 0xfa693841165d2d3d7748075c6ca112240cd3d98ed8d8bf109b8098f01ece4650 0x19e4a7e4fd31dc1dbb6036e71d0fdd1382d6243c9b99ca0f59f9acf434832aa3 2 16 606 0 0
224 1417 11 10 0x8fa0565b08cacac48cd1700ff333a8ec237ad6c0a8af55d39e586446203395c7 0xfa693841165d2d3d7748075c6ca112240cd3d98ed8d8bf109b8098f01ece4650 1 17 606 0 0
224 1460 11 11 0x3d49921d07c9ccbcd88f9a26e4668ad11da0a7f7fc69b22818532d021d34701b 0x8fa0565b08cacac48cd1700ff333a8ec237ad6c0a8af55d39e586446203395c7 1 18 713 1 0
224 1569 12 12 0xe2211d06bcc0f14bab9f6515aa2209c3d0e591d57839f022e3d237abcd8bb61e 0x3d49921d07c9ccbcd88f9a26e4668ad11da0a7f7fc69b22818532d021d34701b 2 20 964 3 0
224 1684 13 13 0xc50dd8c738c23e46ec70bf911ba62abb417c8e46c596b73e1dcc0574f72e1b13 0xe2211d06bcc0f14bab9f6515aa2209c3d0e591d57839f022e3d237abcd8bb61e 2 22 714 1 0
224 1880 14 14 0x0048790ace8ac22aff50cba18dfc23c50ff7fffdb54a5820a34ac3c411897871 0xc50dd8c738c23e46ec70bf911ba62abb417c8e46c596b73e1dcc0574f72e1b13 1 23 1068 4 0
224 2003 15 15 0xa4823c6e470b1e4930bfe1d448f5b9b9dfdcb216e1e77e349b4292189c2fe0eb 0x0048790ace8ac22aff50cba18dfc23c50ff7fffdb54a5820a34ac3c411897871 1 24 817 2 0
224 2377 16 16 0x32aee2c5a2dd181e263e851f3ebd6ad1d3f9e83c68a1e3378bdaa28ffa4f11fc 0xa4823c6e470b1e4930bfe1d448f5b9b9dfdcb216e1e77e349b4292189c2fe0eb 1 25 1005 3 0
224 2513 17 17 0xfb3f726a5e06ccfff6ba700d3d25fefe5a6f7722c1974780722488cc76864151 0x32aee2c5a2dd181e263e851f3ebd6ad1d3f9e83c68a1e3378bdaa28ffa4f11fc 1 26 714 1 0
224 2675 18 18 0xcabbfc9e0766b60dd35bd9f5752002b86a0346e62acbc30657b4eda421aa3576 0xfb3f726a5e06ccfff6ba700d3d25fefe5a6f7722c1974780722488cc76864151 2 28 606 0 0
224 2829 19 19 0x81af65ac5aecb51292e5c007bd474cc57bc49f2eee6106b1b255c5629bc446bd 0xcabbfc9e0766b60dd35bd9f5752002b86a0346e62acbc30657b4eda421aa3576 2 30 1380 7 0
224 3090 21 20 0x3c7a749d055d9b606009869121c8d8d82a3bfd6a23449183aca90edad7180359 0x81af65ac5aecb51292e5c007bd474cc57bc49f2eee6106b1b255c5629bc446bd 1 31 606 0 0
224 3113 21 21 0x6b8f9fff41bcc62ce3c234461666061dab7f53a836b3cd14231cced8479983a6 0x3c7a749d055d9b606009869121c8d8d82a3bfd6a23449183aca90edad7180359 1 32 818 2 0
224 3401 22 20 0x4efd837d1029a065d389eec8a89d993f5cac1ea7b375a67f8eebd7bd4f81f29d 0x81af65ac5aecb51292e5c007bd474cc57bc49f2eee6106b1b255c5629bc446bd 2 32 818 2 0
224 3421 22 21 0x68068e3779309589c1ed5b8a9188bbbd9e0ff4cd9857092f7bb7312227eb9caa 0x4efd837d1029a065d389eec8a89d993f5cac1ea7b375a67f8eebd7bd4f81f29d 2 34 606 0 0
224 3444 22 22 0x9186a5e2ea4481901c23c5ec0ed34d87718c035ce55bbac5592cf7c9209481c8 0x68068e3779309589c1ed5b8a9188bbbd9e0ff4cd9857092f7bb7312227eb9caa 2 36 606 0 0
224 3603 23 23 0x451820c6b9c93c6ece406e1be62010c2199d656ea0bf9e9e58885ce80b382b78 0x9186a5e2ea4481901c23c5ec0ed34d87718c035ce55bbac5592cf7c9209481c8 2 38 1046 3 0
224 3648 24 24 0x2649c236a4bdc73d6f1c3cf66eeba5c35158e160c5dc24ab7f544905b2696da2 0x451820c6b9c93c6ece406e1be62010c2199d656ea0bf9e9e58885ce80b382b78 1 39 714 1 0
224 3894 25 25 0x08711410b9c93d4b2e8c15e36227a0c235ef07de772c295be5ca045c0cc365e2 0x2649c236a4bdc73d6f1c3cf66eeba5c35158e160c5dc24ab7f544905b2696da2 1 40 606 0 0
224 4084 26 26 0x5922f22203aac52da1cf9a606cfd1ea764282d30739ded6a39c2d6bfbfb5f1e9 0x08711410b9c93d4b2e8c15e36227a0c235ef07de772c295be5ca045c0cc365e2 1 41 1109 4 0
224 4393 27 27 0xf1c36c75a59258c220efc47d50c689639593d23291f43a92c6df7ff5f115d93a 0x5922f22203aac52da1cf9a606cfd1ea764282d30739ded6a39c2d6bfbfb5f1e9 1 42 606 0 0
224 4413 27 27 0xf80a93929228afe3ffb6fa76b3023178ba7831fbb92dda3e4935241abdcccd3f 0x5922f22203aac52da1cf9a606cfd1ea764282d30739ded6a39c2d6bfbfb5f1e9 2 43 714 1 0
224 4495 28 28 0x3c7421ec75f19122d25ea971a5901ab525821985eb3cab5ecb774d76fb637dae 0xf80a93929228afe3ffb6fa76b3023178ba7831fbb92dda3e4935241abdcccd3f 2 45 713 1 0
224 4716 29 29 0x7a1b4b07d32b98be417c4a1b602a1ff4ffd4ff94ad11533e3cb143234a5ad3d1 0x3c7421ec75f19122d25ea971a5901ab525821985eb3cab5ecb774d76fb637dae 2 47 606 0 0
224 4809 30 30 0xb6c01d141501633444d09f430761406b2e256482a2bc2ce8ad2e348734ff1b6c 0x7a1b4b07d32b98be417c4a1b602a1ff4ffd4ff94ad11533e3cb143234a5ad3d1 1 48 1150 4 0
